--------------- Clean Started: 04/28/2017 08:59:31 Project: Platform Bootstrap, Configuration: ARM GCC 4.9-2015-q1-update Debug ---------------
Deleting file ".\CortexM3\ARM_GCC_493\Debug\main.o"
Deleting file ".\CortexM3\ARM_GCC_493\Debug\cyfitter_cfg.o"
Deleting file ".\CortexM3\ARM_GCC_493\Debug\cymetadata.o"
Deleting file ".\CortexM3\ARM_GCC_493\Debug\Bootloader.o"
Deleting file ".\CortexM3\ARM_GCC_493\Debug\FT232_UART.o"
Deleting file ".\CortexM3\ARM_GCC_493\Debug\FT232_UART_PM.o"
Deleting file ".\CortexM3\ARM_GCC_493\Debug\FT232_UART_INT.o"
Deleting file ".\CortexM3\ARM_GCC_493\Debug\FT232_UART_BOOT.o"
Deleting file ".\CortexM3\ARM_GCC_493\Debug\FT232_UART_IntClock.o"
Deleting file ".\CortexM3\ARM_GCC_493\Debug\Cm3Start.o"
Deleting file ".\CortexM3\ARM_GCC_493\Debug\CyBootAsmGnu.o"
Deleting file ".\CortexM3\ARM_GCC_493\Debug\CyDmac.o"
Deleting file ".\CortexM3\ARM_GCC_493\Debug\CyFlash.o"
Deleting file ".\CortexM3\ARM_GCC_493\Debug\CyLib.o"
Deleting file ".\CortexM3\ARM_GCC_493\Debug\cyPm.o"
Deleting file ".\CortexM3\ARM_GCC_493\Debug\CySpc.o"
Deleting file ".\CortexM3\ARM_GCC_493\Debug\cyutils.o"
Deleting file ".\CortexM3\ARM_GCC_493\Debug\FT232_Detect.o"
Deleting file ".\CortexM3\ARM_GCC_493\Debug\Status_LED.o"
Deleting file ".\CortexM3\ARM_GCC_493\Debug\Platform Bootstrap.hex"
Deleting file ".\CortexM3\ARM_GCC_493\Debug\Platform Bootstrap.elf"
Deleting file ".\CortexM3\ARM_GCC_493\Debug\Platform Bootstrap.map"
Deleting file ".\Platform Bootstrap.cycdx"
Deleting file ".\Platform Bootstrap.svd"
Deleting file ".\Platform Bootstrap.rpt"
Deleting file ".\Platform Bootstrap_timing.html"
Deleting file ".\CortexM3\ARM_GCC_493\Debug\.deps\SOURCE_C__ARM_GCC_GENERIC.P"
Deleting file ".\CortexM3\ARM_GCC_493\Debug\.deps\SOURCE_ASM__ARM_GCC_GENERIC.P"
--------------- Clean Succeeded: 04/28/2017 08:59:31 ---------------
