ARM GAS  C:\Users\RYANKE~1\AppData\Local\Temp\ccI5w95g.s 			page 1


   1              		.syntax unified
   2              		.cpu cortex-m3
   3              		.fpu softvfp
   4              		.eabi_attribute 20, 1
   5              		.eabi_attribute 21, 1
   6              		.eabi_attribute 23, 3
   7              		.eabi_attribute 24, 1
   8              		.eabi_attribute 25, 1
   9              		.eabi_attribute 26, 1
  10              		.eabi_attribute 30, 1
  11              		.eabi_attribute 34, 1
  12              		.eabi_attribute 18, 4
  13              		.thumb
  14              		.file	"main.c"
  15              		.text
  16              	.Ltext0:
  17              		.cfi_sections	.debug_frame
  18              		.section	.text.main,"ax",%progbits
  19              		.align	2
  20              		.global	main
  21              		.thumb
  22              		.thumb_func
  23              		.type	main, %function
  24              	main:
  25              	.LFB63:
  26              		.file 1 "main.c"
   1:main.c        **** /////////////////////////////////////////////////////////////////////////////////
   2:main.c        **** /////////////////////////////////////////////////////////////////////////////////
   3:main.c        **** /// Copyright Chad Hensley 2017                                               ///
   4:main.c        **** /// All Rights Reserved                                                       ///
   5:main.c        **** /// UNPUBLISHED, LICENSED SOFTWARE.                                           ///
   6:main.c        **** ///                                                                           ///
   7:main.c        **** /// CONFIDENTIAL AND PROPRIETARY INFORMATION                                  ///
   8:main.c        **** /// WHICH IS THE PROPERTY OF THE COPYRIGHT HOLDER                             ///
   9:main.c        **** ///                                                                           ///
  10:main.c        **** /// File:       main.c                                                        ///
  11:main.c        **** /// Function:   4DShoot Controller Bootstrap Loader                           ///
  12:main.c        **** /// Date:       3 February 2017                                               ///
  13:main.c        **** /// Target:     CY8C5888LTI-LP097                                             ///
  14:main.c        **** /// Software:   PSoC Creator 4.0 Update 1                                     ///
  15:main.c        **** /// Author:     Matt Cauvel, Ryan Kelley                                      ///
  16:main.c        **** /// Revisions:                                                                ///
  17:main.c        **** ///             0.A - 03/02/2017 - File Created                               ///
  18:main.c        **** ///                                                                           ///
  19:main.c        **** /////////////////////////////////////////////////////////////////////////////////
  20:main.c        **** /////////////////////////////////////////////////////////////////////////////////
  21:main.c        **** 
  22:main.c        **** #include "project.h"
  23:main.c        **** 
  24:main.c        **** int main(void)
  25:main.c        **** {
  27              		.loc 1 25 0
  28              		.cfi_startproc
  29              		@ Volatile: function does not return.
  30              		@ args = 0, pretend = 0, frame = 0
  31              		@ frame_needed = 0, uses_anonymous_args = 0
  32 0000 08B5     		push	{r3, lr}
ARM GAS  C:\Users\RYANKE~1\AppData\Local\Temp\ccI5w95g.s 			page 2


  33              		.cfi_def_cfa_offset 8
  34              		.cfi_offset 3, -8
  35              		.cfi_offset 14, -4
  26:main.c        ****     CyGlobalIntEnable;
  36              		.loc 1 26 0
  37              	@ 26 "main.c" 1
  38 0002 62B6     		CPSIE   i
  39              	@ 0 "" 2
  27:main.c        ****     FT232_UART_Start();
  40              		.loc 1 27 0
  41              		.thumb
  42 0004 FFF7FEFF 		bl	FT232_UART_Start
  43              	.LVL0:
  28:main.c        ****     
  29:main.c        ****     CyDelay(500);
  44              		.loc 1 29 0
  45 0008 4FF4FA70 		mov	r0, #500
  46 000c FFF7FEFF 		bl	CyDelay
  47              	.LVL1:
  30:main.c        ****     
  31:main.c        ****     // Wait for bootloader host indefinitely if FT232_Detect indicates
  32:main.c        ****     // attached serial host.  Otherwise, exit to bootloadable.
  33:main.c        ****     /////////////////////////////////////////////////////////////////////
  34:main.c        ****      
  35:main.c        ****     if (FT232_Detect_Read() == 1)
  48              		.loc 1 35 0
  49 0010 FFF7FEFF 		bl	FT232_Detect_Read
  50              	.LVL2:
  51 0014 0128     		cmp	r0, #1
  52 0016 04D1     		bne	.L2
  36:main.c        ****     {
  37:main.c        ****         Status_LED_Write(1);
  53              		.loc 1 37 0
  54 0018 FFF7FEFF 		bl	Status_LED_Write
  55              	.LVL3:
  38:main.c        ****         Bootloader_Start();
  56              		.loc 1 38 0
  57 001c FFF7FEFF 		bl	Bootloader_Start
  58              	.LVL4:
  59 0020 05E0     		b	.L3
  60              	.L2:
  39:main.c        ****     }
  40:main.c        ****     else
  41:main.c        ****     {
  42:main.c        ****         Status_LED_Write(0);
  61              		.loc 1 42 0
  62 0022 0020     		movs	r0, #0
  63 0024 FFF7FEFF 		bl	Status_LED_Write
  64              	.LVL5:
  43:main.c        ****         Bootloader_Exit(Bootloader_EXIT_TO_BTLDB);
  65              		.loc 1 43 0
  66 0028 0020     		movs	r0, #0
  67 002a FFF7FEFF 		bl	Bootloader_Exit
  68              	.LVL6:
  69              	.L3:
  44:main.c        ****     }
  45:main.c        ****     
ARM GAS  C:\Users\RYANKE~1\AppData\Local\Temp\ccI5w95g.s 			page 3


  46:main.c        ****     for(;;)
  47:main.c        ****     {
  48:main.c        ****     }
  70              		.loc 1 48 0 discriminator 1
  71 002e FEE7     		b	.L3
  72              		.cfi_endproc
  73              	.LFE63:
  74              		.size	main, .-main
  75              		.text
  76              	.Letext0:
  77              		.file 2 "c:\\program files (x86)\\cypress\\psoc creator\\4.0\\psoc creator\\import\\gnu\\arm\\4.9.
  78              		.file 3 "c:\\program files (x86)\\cypress\\psoc creator\\4.0\\psoc creator\\import\\gnu\\arm\\4.9.
  79              		.file 4 "Generated_Source\\PSoC5/cytypes.h"
  80              		.file 5 "Generated_Source\\PSoC5/CyLib.h"
  81              		.file 6 "Generated_Source\\PSoC5/Status_LED.h"
  82              		.file 7 "Generated_Source\\PSoC5/FT232_UART.h"
  83              		.file 8 "Generated_Source\\PSoC5/Bootloader.h"
  84              		.file 9 "Generated_Source\\PSoC5/core_cm3.h"
  85              		.file 10 "Generated_Source\\PSoC5/FT232_Detect.h"
  86              		.section	.debug_info,"",%progbits
  87              	.Ldebug_info0:
  88 0000 80010000 		.4byte	0x180
  89 0004 0400     		.2byte	0x4
  90 0006 00000000 		.4byte	.Ldebug_abbrev0
  91 000a 04       		.byte	0x4
  92 000b 01       		.uleb128 0x1
  93 000c A7000000 		.4byte	.LASF21
  94 0010 01       		.byte	0x1
  95 0011 40000000 		.4byte	.LASF22
  96 0015 4C010000 		.4byte	.LASF23
  97 0019 00000000 		.4byte	.Ldebug_ranges0+0
  98 001d 00000000 		.4byte	0
  99 0021 00000000 		.4byte	.Ldebug_line0
 100 0025 02       		.uleb128 0x2
 101 0026 01       		.byte	0x1
 102 0027 06       		.byte	0x6
 103 0028 DD010000 		.4byte	.LASF0
 104 002c 02       		.uleb128 0x2
 105 002d 01       		.byte	0x1
 106 002e 08       		.byte	0x8
 107 002f 32000000 		.4byte	.LASF1
 108 0033 02       		.uleb128 0x2
 109 0034 02       		.byte	0x2
 110 0035 05       		.byte	0x5
 111 0036 F9010000 		.4byte	.LASF2
 112 003a 02       		.uleb128 0x2
 113 003b 02       		.byte	0x2
 114 003c 07       		.byte	0x7
 115 003d 94000000 		.4byte	.LASF3
 116 0041 03       		.uleb128 0x3
 117 0042 E9010000 		.4byte	.LASF9
 118 0046 02       		.byte	0x2
 119 0047 3F       		.byte	0x3f
 120 0048 4C000000 		.4byte	0x4c
 121 004c 02       		.uleb128 0x2
 122 004d 04       		.byte	0x4
 123 004e 05       		.byte	0x5
ARM GAS  C:\Users\RYANKE~1\AppData\Local\Temp\ccI5w95g.s 			page 4


 124 004f 9E010000 		.4byte	.LASF4
 125 0053 02       		.uleb128 0x2
 126 0054 04       		.byte	0x4
 127 0055 07       		.byte	0x7
 128 0056 6B000000 		.4byte	.LASF5
 129 005a 02       		.uleb128 0x2
 130 005b 08       		.byte	0x8
 131 005c 05       		.byte	0x5
 132 005d 00000000 		.4byte	.LASF6
 133 0061 02       		.uleb128 0x2
 134 0062 08       		.byte	0x8
 135 0063 07       		.byte	0x7
 136 0064 7D000000 		.4byte	.LASF7
 137 0068 04       		.uleb128 0x4
 138 0069 04       		.byte	0x4
 139 006a 05       		.byte	0x5
 140 006b 696E7400 		.ascii	"int\000"
 141 006f 02       		.uleb128 0x2
 142 0070 04       		.byte	0x4
 143 0071 07       		.byte	0x7
 144 0072 15000000 		.4byte	.LASF8
 145 0076 03       		.uleb128 0x3
 146 0077 03020000 		.4byte	.LASF10
 147 007b 03       		.byte	0x3
 148 007c 2C       		.byte	0x2c
 149 007d 41000000 		.4byte	0x41
 150 0081 05       		.uleb128 0x5
 151 0082 65000000 		.4byte	.LASF11
 152 0086 04       		.byte	0x4
 153 0087 9201     		.2byte	0x192
 154 0089 2C000000 		.4byte	0x2c
 155 008d 05       		.uleb128 0x5
 156 008e 0E000000 		.4byte	.LASF12
 157 0092 04       		.byte	0x4
 158 0093 9401     		.2byte	0x194
 159 0095 53000000 		.4byte	0x53
 160 0099 02       		.uleb128 0x2
 161 009a 04       		.byte	0x4
 162 009b 04       		.byte	0x4
 163 009c F3010000 		.4byte	.LASF13
 164 00a0 02       		.uleb128 0x2
 165 00a1 08       		.byte	0x8
 166 00a2 04       		.byte	0x4
 167 00a3 B8010000 		.4byte	.LASF14
 168 00a7 02       		.uleb128 0x2
 169 00a8 01       		.byte	0x1
 170 00a9 08       		.byte	0x8
 171 00aa 47010000 		.4byte	.LASF15
 172 00ae 02       		.uleb128 0x2
 173 00af 04       		.byte	0x4
 174 00b0 07       		.byte	0x7
 175 00b1 0B020000 		.4byte	.LASF16
 176 00b5 06       		.uleb128 0x6
 177 00b6 58000000 		.4byte	.LASF24
 178 00ba 01       		.byte	0x1
 179 00bb 18       		.byte	0x18
 180 00bc 68000000 		.4byte	0x68
ARM GAS  C:\Users\RYANKE~1\AppData\Local\Temp\ccI5w95g.s 			page 5


 181 00c0 00000000 		.4byte	.LFB63
 182 00c4 30000000 		.4byte	.LFE63-.LFB63
 183 00c8 01       		.uleb128 0x1
 184 00c9 9C       		.byte	0x9c
 185 00ca 2A010000 		.4byte	0x12a
 186 00ce 07       		.uleb128 0x7
 187 00cf 08000000 		.4byte	.LVL0
 188 00d3 3B010000 		.4byte	0x13b
 189 00d7 08       		.uleb128 0x8
 190 00d8 10000000 		.4byte	.LVL1
 191 00dc 42010000 		.4byte	0x142
 192 00e0 EC000000 		.4byte	0xec
 193 00e4 09       		.uleb128 0x9
 194 00e5 01       		.uleb128 0x1
 195 00e6 50       		.byte	0x50
 196 00e7 03       		.uleb128 0x3
 197 00e8 0A       		.byte	0xa
 198 00e9 F401     		.2byte	0x1f4
 199 00eb 00       		.byte	0
 200 00ec 07       		.uleb128 0x7
 201 00ed 14000000 		.4byte	.LVL2
 202 00f1 53010000 		.4byte	0x153
 203 00f5 07       		.uleb128 0x7
 204 00f6 1C000000 		.4byte	.LVL3
 205 00fa 5E010000 		.4byte	0x15e
 206 00fe 07       		.uleb128 0x7
 207 00ff 20000000 		.4byte	.LVL4
 208 0103 6F010000 		.4byte	0x16f
 209 0107 08       		.uleb128 0x8
 210 0108 28000000 		.4byte	.LVL5
 211 010c 5E010000 		.4byte	0x15e
 212 0110 1A010000 		.4byte	0x11a
 213 0114 09       		.uleb128 0x9
 214 0115 01       		.uleb128 0x1
 215 0116 50       		.byte	0x50
 216 0117 01       		.uleb128 0x1
 217 0118 30       		.byte	0x30
 218 0119 00       		.byte	0
 219 011a 0A       		.uleb128 0xa
 220 011b 2E000000 		.4byte	.LVL6
 221 011f 76010000 		.4byte	0x176
 222 0123 09       		.uleb128 0x9
 223 0124 01       		.uleb128 0x1
 224 0125 50       		.byte	0x50
 225 0126 01       		.uleb128 0x1
 226 0127 30       		.byte	0x30
 227 0128 00       		.byte	0
 228 0129 00       		.byte	0
 229 012a 0B       		.uleb128 0xb
 230 012b D0010000 		.4byte	.LASF25
 231 012f 09       		.byte	0x9
 232 0130 9606     		.2byte	0x696
 233 0132 36010000 		.4byte	0x136
 234 0136 0C       		.uleb128 0xc
 235 0137 76000000 		.4byte	0x76
 236 013b 0D       		.uleb128 0xd
 237 013c BF010000 		.4byte	.LASF19
ARM GAS  C:\Users\RYANKE~1\AppData\Local\Temp\ccI5w95g.s 			page 6


 238 0140 07       		.byte	0x7
 239 0141 54       		.byte	0x54
 240 0142 0E       		.uleb128 0xe
 241 0143 5D000000 		.4byte	.LASF17
 242 0147 05       		.byte	0x5
 243 0148 76       		.byte	0x76
 244 0149 53010000 		.4byte	0x153
 245 014d 0F       		.uleb128 0xf
 246 014e 8D000000 		.4byte	0x8d
 247 0152 00       		.byte	0
 248 0153 10       		.uleb128 0x10
 249 0154 35010000 		.4byte	.LASF26
 250 0158 0A       		.byte	0xa
 251 0159 29       		.byte	0x29
 252 015a 81000000 		.4byte	0x81
 253 015e 0E       		.uleb128 0xe
 254 015f 47000000 		.4byte	.LASF18
 255 0163 06       		.byte	0x6
 256 0164 26       		.byte	0x26
 257 0165 6F010000 		.4byte	0x16f
 258 0169 0F       		.uleb128 0xf
 259 016a 81000000 		.4byte	0x81
 260 016e 00       		.byte	0
 261 016f 0D       		.uleb128 0xd
 262 0170 A7010000 		.4byte	.LASF20
 263 0174 08       		.byte	0x8
 264 0175 E6       		.byte	0xe6
 265 0176 11       		.uleb128 0x11
 266 0177 22000000 		.4byte	.LASF27
 267 017b 08       		.byte	0x8
 268 017c ED       		.byte	0xed
 269 017d 0F       		.uleb128 0xf
 270 017e 81000000 		.4byte	0x81
 271 0182 00       		.byte	0
 272 0183 00       		.byte	0
 273              		.section	.debug_abbrev,"",%progbits
 274              	.Ldebug_abbrev0:
 275 0000 01       		.uleb128 0x1
 276 0001 11       		.uleb128 0x11
 277 0002 01       		.byte	0x1
 278 0003 25       		.uleb128 0x25
 279 0004 0E       		.uleb128 0xe
 280 0005 13       		.uleb128 0x13
 281 0006 0B       		.uleb128 0xb
 282 0007 03       		.uleb128 0x3
 283 0008 0E       		.uleb128 0xe
 284 0009 1B       		.uleb128 0x1b
 285 000a 0E       		.uleb128 0xe
 286 000b 55       		.uleb128 0x55
 287 000c 17       		.uleb128 0x17
 288 000d 11       		.uleb128 0x11
 289 000e 01       		.uleb128 0x1
 290 000f 10       		.uleb128 0x10
 291 0010 17       		.uleb128 0x17
 292 0011 00       		.byte	0
 293 0012 00       		.byte	0
 294 0013 02       		.uleb128 0x2
ARM GAS  C:\Users\RYANKE~1\AppData\Local\Temp\ccI5w95g.s 			page 7


 295 0014 24       		.uleb128 0x24
 296 0015 00       		.byte	0
 297 0016 0B       		.uleb128 0xb
 298 0017 0B       		.uleb128 0xb
 299 0018 3E       		.uleb128 0x3e
 300 0019 0B       		.uleb128 0xb
 301 001a 03       		.uleb128 0x3
 302 001b 0E       		.uleb128 0xe
 303 001c 00       		.byte	0
 304 001d 00       		.byte	0
 305 001e 03       		.uleb128 0x3
 306 001f 16       		.uleb128 0x16
 307 0020 00       		.byte	0
 308 0021 03       		.uleb128 0x3
 309 0022 0E       		.uleb128 0xe
 310 0023 3A       		.uleb128 0x3a
 311 0024 0B       		.uleb128 0xb
 312 0025 3B       		.uleb128 0x3b
 313 0026 0B       		.uleb128 0xb
 314 0027 49       		.uleb128 0x49
 315 0028 13       		.uleb128 0x13
 316 0029 00       		.byte	0
 317 002a 00       		.byte	0
 318 002b 04       		.uleb128 0x4
 319 002c 24       		.uleb128 0x24
 320 002d 00       		.byte	0
 321 002e 0B       		.uleb128 0xb
 322 002f 0B       		.uleb128 0xb
 323 0030 3E       		.uleb128 0x3e
 324 0031 0B       		.uleb128 0xb
 325 0032 03       		.uleb128 0x3
 326 0033 08       		.uleb128 0x8
 327 0034 00       		.byte	0
 328 0035 00       		.byte	0
 329 0036 05       		.uleb128 0x5
 330 0037 16       		.uleb128 0x16
 331 0038 00       		.byte	0
 332 0039 03       		.uleb128 0x3
 333 003a 0E       		.uleb128 0xe
 334 003b 3A       		.uleb128 0x3a
 335 003c 0B       		.uleb128 0xb
 336 003d 3B       		.uleb128 0x3b
 337 003e 05       		.uleb128 0x5
 338 003f 49       		.uleb128 0x49
 339 0040 13       		.uleb128 0x13
 340 0041 00       		.byte	0
 341 0042 00       		.byte	0
 342 0043 06       		.uleb128 0x6
 343 0044 2E       		.uleb128 0x2e
 344 0045 01       		.byte	0x1
 345 0046 3F       		.uleb128 0x3f
 346 0047 19       		.uleb128 0x19
 347 0048 03       		.uleb128 0x3
 348 0049 0E       		.uleb128 0xe
 349 004a 3A       		.uleb128 0x3a
 350 004b 0B       		.uleb128 0xb
 351 004c 3B       		.uleb128 0x3b
ARM GAS  C:\Users\RYANKE~1\AppData\Local\Temp\ccI5w95g.s 			page 8


 352 004d 0B       		.uleb128 0xb
 353 004e 27       		.uleb128 0x27
 354 004f 19       		.uleb128 0x19
 355 0050 49       		.uleb128 0x49
 356 0051 13       		.uleb128 0x13
 357 0052 11       		.uleb128 0x11
 358 0053 01       		.uleb128 0x1
 359 0054 12       		.uleb128 0x12
 360 0055 06       		.uleb128 0x6
 361 0056 40       		.uleb128 0x40
 362 0057 18       		.uleb128 0x18
 363 0058 9742     		.uleb128 0x2117
 364 005a 19       		.uleb128 0x19
 365 005b 01       		.uleb128 0x1
 366 005c 13       		.uleb128 0x13
 367 005d 00       		.byte	0
 368 005e 00       		.byte	0
 369 005f 07       		.uleb128 0x7
 370 0060 898201   		.uleb128 0x4109
 371 0063 00       		.byte	0
 372 0064 11       		.uleb128 0x11
 373 0065 01       		.uleb128 0x1
 374 0066 31       		.uleb128 0x31
 375 0067 13       		.uleb128 0x13
 376 0068 00       		.byte	0
 377 0069 00       		.byte	0
 378 006a 08       		.uleb128 0x8
 379 006b 898201   		.uleb128 0x4109
 380 006e 01       		.byte	0x1
 381 006f 11       		.uleb128 0x11
 382 0070 01       		.uleb128 0x1
 383 0071 31       		.uleb128 0x31
 384 0072 13       		.uleb128 0x13
 385 0073 01       		.uleb128 0x1
 386 0074 13       		.uleb128 0x13
 387 0075 00       		.byte	0
 388 0076 00       		.byte	0
 389 0077 09       		.uleb128 0x9
 390 0078 8A8201   		.uleb128 0x410a
 391 007b 00       		.byte	0
 392 007c 02       		.uleb128 0x2
 393 007d 18       		.uleb128 0x18
 394 007e 9142     		.uleb128 0x2111
 395 0080 18       		.uleb128 0x18
 396 0081 00       		.byte	0
 397 0082 00       		.byte	0
 398 0083 0A       		.uleb128 0xa
 399 0084 898201   		.uleb128 0x4109
 400 0087 01       		.byte	0x1
 401 0088 11       		.uleb128 0x11
 402 0089 01       		.uleb128 0x1
 403 008a 31       		.uleb128 0x31
 404 008b 13       		.uleb128 0x13
 405 008c 00       		.byte	0
 406 008d 00       		.byte	0
 407 008e 0B       		.uleb128 0xb
 408 008f 34       		.uleb128 0x34
ARM GAS  C:\Users\RYANKE~1\AppData\Local\Temp\ccI5w95g.s 			page 9


 409 0090 00       		.byte	0
 410 0091 03       		.uleb128 0x3
 411 0092 0E       		.uleb128 0xe
 412 0093 3A       		.uleb128 0x3a
 413 0094 0B       		.uleb128 0xb
 414 0095 3B       		.uleb128 0x3b
 415 0096 05       		.uleb128 0x5
 416 0097 49       		.uleb128 0x49
 417 0098 13       		.uleb128 0x13
 418 0099 3F       		.uleb128 0x3f
 419 009a 19       		.uleb128 0x19
 420 009b 3C       		.uleb128 0x3c
 421 009c 19       		.uleb128 0x19
 422 009d 00       		.byte	0
 423 009e 00       		.byte	0
 424 009f 0C       		.uleb128 0xc
 425 00a0 35       		.uleb128 0x35
 426 00a1 00       		.byte	0
 427 00a2 49       		.uleb128 0x49
 428 00a3 13       		.uleb128 0x13
 429 00a4 00       		.byte	0
 430 00a5 00       		.byte	0
 431 00a6 0D       		.uleb128 0xd
 432 00a7 2E       		.uleb128 0x2e
 433 00a8 00       		.byte	0
 434 00a9 3F       		.uleb128 0x3f
 435 00aa 19       		.uleb128 0x19
 436 00ab 03       		.uleb128 0x3
 437 00ac 0E       		.uleb128 0xe
 438 00ad 3A       		.uleb128 0x3a
 439 00ae 0B       		.uleb128 0xb
 440 00af 3B       		.uleb128 0x3b
 441 00b0 0B       		.uleb128 0xb
 442 00b1 27       		.uleb128 0x27
 443 00b2 19       		.uleb128 0x19
 444 00b3 3C       		.uleb128 0x3c
 445 00b4 19       		.uleb128 0x19
 446 00b5 00       		.byte	0
 447 00b6 00       		.byte	0
 448 00b7 0E       		.uleb128 0xe
 449 00b8 2E       		.uleb128 0x2e
 450 00b9 01       		.byte	0x1
 451 00ba 3F       		.uleb128 0x3f
 452 00bb 19       		.uleb128 0x19
 453 00bc 03       		.uleb128 0x3
 454 00bd 0E       		.uleb128 0xe
 455 00be 3A       		.uleb128 0x3a
 456 00bf 0B       		.uleb128 0xb
 457 00c0 3B       		.uleb128 0x3b
 458 00c1 0B       		.uleb128 0xb
 459 00c2 27       		.uleb128 0x27
 460 00c3 19       		.uleb128 0x19
 461 00c4 3C       		.uleb128 0x3c
 462 00c5 19       		.uleb128 0x19
 463 00c6 01       		.uleb128 0x1
 464 00c7 13       		.uleb128 0x13
 465 00c8 00       		.byte	0
ARM GAS  C:\Users\RYANKE~1\AppData\Local\Temp\ccI5w95g.s 			page 10


 466 00c9 00       		.byte	0
 467 00ca 0F       		.uleb128 0xf
 468 00cb 05       		.uleb128 0x5
 469 00cc 00       		.byte	0
 470 00cd 49       		.uleb128 0x49
 471 00ce 13       		.uleb128 0x13
 472 00cf 00       		.byte	0
 473 00d0 00       		.byte	0
 474 00d1 10       		.uleb128 0x10
 475 00d2 2E       		.uleb128 0x2e
 476 00d3 00       		.byte	0
 477 00d4 3F       		.uleb128 0x3f
 478 00d5 19       		.uleb128 0x19
 479 00d6 03       		.uleb128 0x3
 480 00d7 0E       		.uleb128 0xe
 481 00d8 3A       		.uleb128 0x3a
 482 00d9 0B       		.uleb128 0xb
 483 00da 3B       		.uleb128 0x3b
 484 00db 0B       		.uleb128 0xb
 485 00dc 27       		.uleb128 0x27
 486 00dd 19       		.uleb128 0x19
 487 00de 49       		.uleb128 0x49
 488 00df 13       		.uleb128 0x13
 489 00e0 3C       		.uleb128 0x3c
 490 00e1 19       		.uleb128 0x19
 491 00e2 00       		.byte	0
 492 00e3 00       		.byte	0
 493 00e4 11       		.uleb128 0x11
 494 00e5 2E       		.uleb128 0x2e
 495 00e6 01       		.byte	0x1
 496 00e7 3F       		.uleb128 0x3f
 497 00e8 19       		.uleb128 0x19
 498 00e9 03       		.uleb128 0x3
 499 00ea 0E       		.uleb128 0xe
 500 00eb 3A       		.uleb128 0x3a
 501 00ec 0B       		.uleb128 0xb
 502 00ed 3B       		.uleb128 0x3b
 503 00ee 0B       		.uleb128 0xb
 504 00ef 27       		.uleb128 0x27
 505 00f0 19       		.uleb128 0x19
 506 00f1 3C       		.uleb128 0x3c
 507 00f2 19       		.uleb128 0x19
 508 00f3 00       		.byte	0
 509 00f4 00       		.byte	0
 510 00f5 00       		.byte	0
 511              		.section	.debug_aranges,"",%progbits
 512 0000 1C000000 		.4byte	0x1c
 513 0004 0200     		.2byte	0x2
 514 0006 00000000 		.4byte	.Ldebug_info0
 515 000a 04       		.byte	0x4
 516 000b 00       		.byte	0
 517 000c 0000     		.2byte	0
 518 000e 0000     		.2byte	0
 519 0010 00000000 		.4byte	.LFB63
 520 0014 30000000 		.4byte	.LFE63-.LFB63
 521 0018 00000000 		.4byte	0
 522 001c 00000000 		.4byte	0
ARM GAS  C:\Users\RYANKE~1\AppData\Local\Temp\ccI5w95g.s 			page 11


 523              		.section	.debug_ranges,"",%progbits
 524              	.Ldebug_ranges0:
 525 0000 00000000 		.4byte	.LFB63
 526 0004 30000000 		.4byte	.LFE63
 527 0008 00000000 		.4byte	0
 528 000c 00000000 		.4byte	0
 529              		.section	.debug_line,"",%progbits
 530              	.Ldebug_line0:
 531 0000 B6010000 		.section	.debug_str,"MS",%progbits,1
 531      02009401 
 531      00000201 
 531      FB0E0D00 
 531      01010101 
 532              	.LASF6:
 533 0000 6C6F6E67 		.ascii	"long long int\000"
 533      206C6F6E 
 533      6720696E 
 533      7400
 534              	.LASF12:
 535 000e 75696E74 		.ascii	"uint32\000"
 535      333200
 536              	.LASF8:
 537 0015 756E7369 		.ascii	"unsigned int\000"
 537      676E6564 
 537      20696E74 
 537      00
 538              	.LASF27:
 539 0022 426F6F74 		.ascii	"Bootloader_Exit\000"
 539      6C6F6164 
 539      65725F45 
 539      78697400 
 540              	.LASF1:
 541 0032 756E7369 		.ascii	"unsigned char\000"
 541      676E6564 
 541      20636861 
 541      7200
 542              	.LASF22:
 543 0040 6D61696E 		.ascii	"main.c\000"
 543      2E6300
 544              	.LASF18:
 545 0047 53746174 		.ascii	"Status_LED_Write\000"
 545      75735F4C 
 545      45445F57 
 545      72697465 
 545      00
 546              	.LASF24:
 547 0058 6D61696E 		.ascii	"main\000"
 547      00
 548              	.LASF17:
 549 005d 43794465 		.ascii	"CyDelay\000"
 549      6C617900 
 550              	.LASF11:
 551 0065 75696E74 		.ascii	"uint8\000"
 551      3800
 552              	.LASF5:
 553 006b 6C6F6E67 		.ascii	"long unsigned int\000"
 553      20756E73 
ARM GAS  C:\Users\RYANKE~1\AppData\Local\Temp\ccI5w95g.s 			page 12


 553      69676E65 
 553      6420696E 
 553      7400
 554              	.LASF7:
 555 007d 6C6F6E67 		.ascii	"long long unsigned int\000"
 555      206C6F6E 
 555      6720756E 
 555      7369676E 
 555      65642069 
 556              	.LASF3:
 557 0094 73686F72 		.ascii	"short unsigned int\000"
 557      7420756E 
 557      7369676E 
 557      65642069 
 557      6E7400
 558              	.LASF21:
 559 00a7 474E5520 		.ascii	"GNU C 4.9.3 20150303 (release) [ARM/embedded-4_9-br"
 559      4320342E 
 559      392E3320 
 559      32303135 
 559      30333033 
 560 00da 616E6368 		.ascii	"anch revision 221220] -mcpu=cortex-m3 -mthumb -g -O"
 560      20726576 
 560      6973696F 
 560      6E203232 
 560      31323230 
 561 010d 67202D66 		.ascii	"g -ffunction-sections -ffat-lto-objects\000"
 561      66756E63 
 561      74696F6E 
 561      2D736563 
 561      74696F6E 
 562              	.LASF26:
 563 0135 46543233 		.ascii	"FT232_Detect_Read\000"
 563      325F4465 
 563      74656374 
 563      5F526561 
 563      6400
 564              	.LASF15:
 565 0147 63686172 		.ascii	"char\000"
 565      00
 566              	.LASF23:
 567 014c 433A5C55 		.ascii	"C:\\Users\\Ryan Kelley\\Documents\\CMPEN480\\PSoC F"
 567      73657273 
 567      5C527961 
 567      6E204B65 
 567      6C6C6579 
 568 017a 69726D65 		.ascii	"irmestware\\Platform Bootstrap.cydsn\000"
 568      73747761 
 568      72655C50 
 568      6C617466 
 568      6F726D20 
 569              	.LASF4:
 570 019e 6C6F6E67 		.ascii	"long int\000"
 570      20696E74 
 570      00
 571              	.LASF20:
 572 01a7 426F6F74 		.ascii	"Bootloader_Start\000"
ARM GAS  C:\Users\RYANKE~1\AppData\Local\Temp\ccI5w95g.s 			page 13


 572      6C6F6164 
 572      65725F53 
 572      74617274 
 572      00
 573              	.LASF14:
 574 01b8 646F7562 		.ascii	"double\000"
 574      6C6500
 575              	.LASF19:
 576 01bf 46543233 		.ascii	"FT232_UART_Start\000"
 576      325F5541 
 576      52545F53 
 576      74617274 
 576      00
 577              	.LASF25:
 578 01d0 49544D5F 		.ascii	"ITM_RxBuffer\000"
 578      52784275 
 578      66666572 
 578      00
 579              	.LASF0:
 580 01dd 7369676E 		.ascii	"signed char\000"
 580      65642063 
 580      68617200 
 581              	.LASF9:
 582 01e9 5F5F696E 		.ascii	"__int32_t\000"
 582      7433325F 
 582      7400
 583              	.LASF13:
 584 01f3 666C6F61 		.ascii	"float\000"
 584      7400
 585              	.LASF2:
 586 01f9 73686F72 		.ascii	"short int\000"
 586      7420696E 
 586      7400
 587              	.LASF10:
 588 0203 696E7433 		.ascii	"int32_t\000"
 588      325F7400 
 589              	.LASF16:
 590 020b 73697A65 		.ascii	"sizetype\000"
 590      74797065 
 590      00
 591              		.ident	"GCC: (GNU Tools for ARM Embedded Processors) 4.9.3 20150303 (release) [ARM/embedded-4_9-br
