--------------- Clean Started: 04/28/2017 08:59:31 Project: Platform Control Firmware, Configuration: ARM GCC 4.9-2015-q1-update Debug ---------------
Deleting file ".\CortexM3\ARM_GCC_493\Debug\main.o"
Deleting file ".\CortexM3\ARM_GCC_493\Debug\esp07.o"
Deleting file ".\CortexM3\ARM_GCC_493\Debug\generic.o"
Deleting file ".\CortexM3\ARM_GCC_493\Debug\lsm303.o"
Deleting file ".\CortexM3\ARM_GCC_493\Debug\gps.o"
Deleting file ".\CortexM3\ARM_GCC_493\Debug\cyfitter_cfg.o"
Deleting file ".\CortexM3\ARM_GCC_493\Debug\cymetadata.o"
Deleting file ".\CortexM3\ARM_GCC_493\Debug\ESP07_UART.o"
Deleting file ".\CortexM3\ARM_GCC_493\Debug\ESP07_UART_PM.o"
Deleting file ".\CortexM3\ARM_GCC_493\Debug\ESP07_UART_INT.o"
Deleting file ".\CortexM3\ARM_GCC_493\Debug\ESP07_UART_BOOT.o"
Deleting file ".\CortexM3\ARM_GCC_493\Debug\ESP07_Interrupt.o"
Deleting file ".\CortexM3\ARM_GCC_493\Debug\ESP07_UART_IntClock.o"
Deleting file ".\CortexM3\ARM_GCC_493\Debug\Cm3Start.o"
Deleting file ".\CortexM3\ARM_GCC_493\Debug\CyBootAsmGnu.o"
Deleting file ".\CortexM3\ARM_GCC_493\Debug\CyDmac.o"
Deleting file ".\CortexM3\ARM_GCC_493\Debug\CyFlash.o"
Deleting file ".\CortexM3\ARM_GCC_493\Debug\CyLib.o"
Deleting file ".\CortexM3\ARM_GCC_493\Debug\cyPm.o"
Deleting file ".\CortexM3\ARM_GCC_493\Debug\CySpc.o"
Deleting file ".\CortexM3\ARM_GCC_493\Debug\cyutils.o"
Deleting file ".\CortexM3\ARM_GCC_493\Debug\FT232_UART.o"
Deleting file ".\CortexM3\ARM_GCC_493\Debug\FT232_UART_PM.o"
Deleting file ".\CortexM3\ARM_GCC_493\Debug\FT232_UART_INT.o"
Deleting file ".\CortexM3\ARM_GCC_493\Debug\FT232_UART_BOOT.o"
Deleting file ".\CortexM3\ARM_GCC_493\Debug\FT232_UART_IntClock.o"
Deleting file ".\CortexM3\ARM_GCC_493\Debug\Onboard_LED.o"
Deleting file ".\CortexM3\ARM_GCC_493\Debug\cybootloader.o"
Deleting file ".\CortexM3\ARM_GCC_493\Debug\Bootloadable.o"
Deleting file ".\CortexM3\ARM_GCC_493\Debug\I2C_SDA.o"
Deleting file ".\CortexM3\ARM_GCC_493\Debug\I2C_SCL.o"
Deleting file ".\CortexM3\ARM_GCC_493\Debug\I2C.o"
Deleting file ".\CortexM3\ARM_GCC_493\Debug\I2C_BOOT.o"
Deleting file ".\CortexM3\ARM_GCC_493\Debug\I2C_INT.o"
Deleting file ".\CortexM3\ARM_GCC_493\Debug\I2C_PM.o"
Deleting file ".\CortexM3\ARM_GCC_493\Debug\I2C_SLAVE.o"
Deleting file ".\CortexM3\ARM_GCC_493\Debug\I2C_MASTER.o"
Deleting file ".\CortexM3\ARM_GCC_493\Debug\Timer_Channel_Right.o"
Deleting file ".\CortexM3\ARM_GCC_493\Debug\Timer_Channel_Right_PM.o"
Deleting file ".\CortexM3\ARM_GCC_493\Debug\Timer_Channel_Left.o"
Deleting file ".\CortexM3\ARM_GCC_493\Debug\Timer_Channel_Left_PM.o"
Deleting file ".\CortexM3\ARM_GCC_493\Debug\RX_PWM_Left.o"
Deleting file ".\CortexM3\ARM_GCC_493\Debug\RX_PWM_Right.o"
Deleting file ".\CortexM3\ARM_GCC_493\Debug\Interrupt_Channel_Left.o"
Deleting file ".\CortexM3\ARM_GCC_493\Debug\Interrupt_Channel_Right.o"
Deleting file ".\CortexM3\ARM_GCC_493\Debug\Motor_Left_Front_PWM.o"
Deleting file ".\CortexM3\ARM_GCC_493\Debug\PWM_Left_Front.o"
Deleting file ".\CortexM3\ARM_GCC_493\Debug\PWM_Left_Front_PM.o"
Deleting file ".\CortexM3\ARM_GCC_493\Debug\PWM_Clock.o"
Deleting file ".\CortexM3\ARM_GCC_493\Debug\PWM_Left_Rear.o"
Deleting file ".\CortexM3\ARM_GCC_493\Debug\PWM_Left_Rear_PM.o"
Deleting file ".\CortexM3\ARM_GCC_493\Debug\Motor_Left_Rear_PWM.o"
Deleting file ".\CortexM3\ARM_GCC_493\Debug\PWM_Right_Front.o"
Deleting file ".\CortexM3\ARM_GCC_493\Debug\PWM_Right_Front_PM.o"
Deleting file ".\CortexM3\ARM_GCC_493\Debug\Direction_Left_Rear.o"
Deleting file ".\CortexM3\ARM_GCC_493\Debug\Direction_Left_Rear_PM.o"
Deleting file ".\CortexM3\ARM_GCC_493\Debug\Motor_Right_Front_PWM.o"
Deleting file ".\CortexM3\ARM_GCC_493\Debug\PWM_Right_Rear.o"
Deleting file ".\CortexM3\ARM_GCC_493\Debug\PWM_Right_Rear_PM.o"
Deleting file ".\CortexM3\ARM_GCC_493\Debug\Direction_Left_Front.o"
Deleting file ".\CortexM3\ARM_GCC_493\Debug\Direction_Left_Front_PM.o"
Deleting file ".\CortexM3\ARM_GCC_493\Debug\Motor_Right_Rear_PWM.o"
Deleting file ".\CortexM3\ARM_GCC_493\Debug\Motor_Left_Front_Input1.o"
Deleting file ".\CortexM3\ARM_GCC_493\Debug\Motor_Left_Front_Input2.o"
Deleting file ".\CortexM3\ARM_GCC_493\Debug\Motor_Left_Rear_Input1.o"
Deleting file ".\CortexM3\ARM_GCC_493\Debug\Motor_Left_Rear_Input2.o"
Deleting file ".\CortexM3\ARM_GCC_493\Debug\Motor_Right_Front_Input1.o"
Deleting file ".\CortexM3\ARM_GCC_493\Debug\Motor_Right_Front_Input2.o"
Deleting file ".\CortexM3\ARM_GCC_493\Debug\Motor_Right_Rear_Input1.o"
Deleting file ".\CortexM3\ARM_GCC_493\Debug\Motor_Right_Rear_Input2.o"
Deleting file ".\CortexM3\ARM_GCC_493\Debug\Direction_Right_Rear.o"
Deleting file ".\CortexM3\ARM_GCC_493\Debug\Direction_Right_Rear_PM.o"
Deleting file ".\CortexM3\ARM_GCC_493\Debug\Direction_Right_Front.o"
Deleting file ".\CortexM3\ARM_GCC_493\Debug\Direction_Right_Front_PM.o"
Deleting file ".\CortexM3\ARM_GCC_493\Debug\RF_Enable.o"
Deleting file ".\CortexM3\ARM_GCC_493\Debug\Counter_Clock.o"
Deleting file ".\CortexM3\ARM_GCC_493\Debug\Decoder_Left.o"
Deleting file ".\CortexM3\ARM_GCC_493\Debug\Decoder_Left_INT.o"
Deleting file ".\CortexM3\ARM_GCC_493\Debug\Decoder_Left_PM.o"
Deleting file ".\CortexM3\ARM_GCC_493\Debug\Decoder_Right.o"
Deleting file ".\CortexM3\ARM_GCC_493\Debug\Decoder_Right_INT.o"
Deleting file ".\CortexM3\ARM_GCC_493\Debug\Decoder_Right_PM.o"
Deleting file ".\CortexM3\ARM_GCC_493\Debug\Decoder_Clock.o"
Deleting file ".\CortexM3\ARM_GCC_493\Debug\Decoder_Left_A.o"
Deleting file ".\CortexM3\ARM_GCC_493\Debug\Decoder_Right_A.o"
Deleting file ".\CortexM3\ARM_GCC_493\Debug\Decoder_Left_B.o"
Deleting file ".\CortexM3\ARM_GCC_493\Debug\Decoder_Right_B.o"
Deleting file ".\CortexM3\ARM_GCC_493\Debug\Decoder_Left_isr.o"
Deleting file ".\CortexM3\ARM_GCC_493\Debug\Decoder_Left_Cnt16.o"
Deleting file ".\CortexM3\ARM_GCC_493\Debug\Decoder_Left_Cnt16_PM.o"
Deleting file ".\CortexM3\ARM_GCC_493\Debug\Decoder_Right_isr.o"
Deleting file ".\CortexM3\ARM_GCC_493\Debug\Decoder_Right_Cnt16.o"
Deleting file ".\CortexM3\ARM_GCC_493\Debug\Decoder_Right_Cnt16_PM.o"
Deleting file ".\CortexM3\ARM_GCC_493\Debug\GPS_UART.o"
Deleting file ".\CortexM3\ARM_GCC_493\Debug\GPS_UART_PM.o"
Deleting file ".\CortexM3\ARM_GCC_493\Debug\GPS_UART_INT.o"
Deleting file ".\CortexM3\ARM_GCC_493\Debug\GPS_UART_BOOT.o"
Deleting file ".\CortexM3\ARM_GCC_493\Debug\GPS_Interrupt.o"
Deleting file ".\CortexM3\ARM_GCC_493\Debug\GPS_UART_IntClock.o"
Deleting file ".\CortexM3\ARM_GCC_493\Debug\Debouncer_Clock.o"
Deleting file ".\CortexM3\ARM_GCC_493\Debug\Platform Control Firmware.hex"
Deleting file ".\CortexM3\ARM_GCC_493\Debug\Platform Control Firmware.elf"
Deleting file ".\CortexM3\ARM_GCC_493\Debug\Platform Control Firmware.map"
Deleting file ".\CortexM3\ARM_GCC_493\Debug\Platform Control Firmware.cyacd"
Deleting file ".\Platform Control Firmware.cycdx"
Deleting file ".\Platform Control Firmware.svd"
Deleting file ".\Platform Control Firmware.rpt"
Deleting file ".\Platform Control Firmware_timing.html"
Deleting file ".\CortexM3\ARM_GCC_493\Debug\.deps\SOURCE_C__ARM_GCC_GENERIC.P"
Deleting file ".\CortexM3\ARM_GCC_493\Debug\.deps\SOURCE_ASM__ARM_GCC_GENERIC.P"
--------------- Clean Succeeded: 04/28/2017 08:59:32 ---------------
