ARM GAS  C:\Users\RYANKE~1\AppData\Local\Temp\cc4qW7Dn.s 			page 1


   1              		.syntax unified
   2              		.cpu cortex-m3
   3              		.fpu softvfp
   4              		.eabi_attribute 20, 1
   5              		.eabi_attribute 21, 1
   6              		.eabi_attribute 23, 3
   7              		.eabi_attribute 24, 1
   8              		.eabi_attribute 25, 1
   9              		.eabi_attribute 26, 1
  10              		.eabi_attribute 30, 1
  11              		.eabi_attribute 34, 1
  12              		.eabi_attribute 18, 4
  13              		.thumb
  14              		.file	"gps.c"
  15              		.text
  16              	.Ltext0:
  17              		.cfi_sections	.debug_frame
  18              		.section	.text.GPS_Parse,"ax",%progbits
  19              		.align	2
  20              		.global	GPS_Parse
  21              		.thumb
  22              		.thumb_func
  23              		.type	GPS_Parse, %function
  24              	GPS_Parse:
  25              	.LFB63:
  26              		.file 1 "gps.c"
   1:gps.c         **** /////////////////////////////////////////////////////////////////////////////////
   2:gps.c         **** /////////////////////////////////////////////////////////////////////////////////
   3:gps.c         **** /// Copyright Chad Hensley 2017                                               ///
   4:gps.c         **** /// All Rights Reserved                                                       ///
   5:gps.c         **** /// UNPUBLISHED, LICENSED SOFTWARE.                                           ///
   6:gps.c         **** ///                                                                           ///
   7:gps.c         **** /// CONFIDENTIAL AND PROPRIETARY INFORMATION                                  ///
   8:gps.c         **** /// WHICH IS THE PROPERTY OF THE COPYRIGHT HOLDER                             ///
   9:gps.c         **** ///                                                                           ///
  10:gps.c         **** /// File:       gps.c                                                         ///
  11:gps.c         **** /// Function:   4DShoot Controller GPS Functions                              ///
  12:gps.c         **** /// Date:       30 January 2017                                               ///
  13:gps.c         **** /// Target:     CY8C5888LTI-LP097                                             ///
  14:gps.c         **** /// Software:   PSoC Creator 4.0 Update 1                                     ///
  15:gps.c         **** /// Author:     Matt Cauvel, Ryan Kelley                                      ///
  16:gps.c         **** /// Revisions:                                                                ///
  17:gps.c         **** ///             0.A - 01/28/2017 - File Created                               ///
  18:gps.c         **** ///                                                                           ///
  19:gps.c         **** /////////////////////////////////////////////////////////////////////////////////
  20:gps.c         **** /////////////////////////////////////////////////////////////////////////////////
  21:gps.c         **** #include "gps.h"                                                              ///
  22:gps.c         **** /////////////////////////////////////////////////////////////////////////////////
  23:gps.c         **** 
  24:gps.c         **** // $GPRMC,231608.000,A,4207.1584,N,07958.8390,W,0.26,329.64,210417,,,A*75
  25:gps.c         **** // $GPRMC,021840.000,A,4207.1292,N,07958.8003,W,0.37,173.91,220417,,,A*79
  26:gps.c         **** // 0         1         2         3         4         5         6         7 
  27:gps.c         **** 
  28:gps.c         **** struct GPS_Datagram GPS_Parse(const char data[])
  29:gps.c         **** {
  27              		.loc 1 29 0
  28              		.cfi_startproc
ARM GAS  C:\Users\RYANKE~1\AppData\Local\Temp\cc4qW7Dn.s 			page 2


  29              		@ args = 0, pretend = 0, frame = 104
  30              		@ frame_needed = 0, uses_anonymous_args = 0
  31              	.LVL0:
  32 0000 70B5     		push	{r4, r5, r6, lr}
  33              		.cfi_def_cfa_offset 16
  34              		.cfi_offset 4, -16
  35              		.cfi_offset 5, -12
  36              		.cfi_offset 6, -8
  37              		.cfi_offset 14, -4
  38 0002 9AB0     		sub	sp, sp, #104
  39              		.cfi_def_cfa_offset 120
  40 0004 0446     		mov	r4, r0
  41 0006 0D46     		mov	r5, r1
  30:gps.c         ****     struct GPS_Datagram working;
  31:gps.c         ****     
  32:gps.c         ****     strcpy(working.raw, data);
  42              		.loc 1 32 0
  43 0008 6846     		mov	r0, sp
  44              	.LVL1:
  45 000a FFF7FEFF 		bl	strcpy
  46              	.LVL2:
  33:gps.c         ****     
  34:gps.c         ****     if(!strncmp(working.raw, "$GPRMC", 6))
  47              		.loc 1 34 0
  48 000e 6846     		mov	r0, sp
  49 0010 2849     		ldr	r1, .L5
  50 0012 0622     		movs	r2, #6
  51 0014 FFF7FEFF 		bl	strncmp
  52              	.LVL3:
  53 0018 0028     		cmp	r0, #0
  54 001a 42D1     		bne	.L2
  35:gps.c         ****     {
  36:gps.c         ****         if(working.raw[18] == 'A')
  55              		.loc 1 36 0
  56 001c 9DF81230 		ldrb	r3, [sp, #18]	@ zero_extendqisi2
  57 0020 412B     		cmp	r3, #65
  58 0022 22D1     		bne	.L3
  37:gps.c         ****         {
  38:gps.c         ****             strncpy(working.latitudeStr + 1, data + 20, 9);
  59              		.loc 1 38 0
  60 0024 13A8     		add	r0, sp, #76
  61 0026 05F11401 		add	r1, r5, #20
  62 002a 0922     		movs	r2, #9
  63 002c FFF7FEFF 		bl	strncpy
  64              	.LVL4:
  39:gps.c         ****             working.latitudeStr[0] = '0';
  65              		.loc 1 39 0
  66 0030 3023     		movs	r3, #48
  67 0032 8DF84B30 		strb	r3, [sp, #75]
  40:gps.c         ****             working.latitudeStr[10] = '\0';
  68              		.loc 1 40 0
  69 0036 0026     		movs	r6, #0
  70 0038 8DF85560 		strb	r6, [sp, #85]
  41:gps.c         ****             working.latitudePol[0] = data[30];
  71              		.loc 1 41 0
  72 003c AB7F     		ldrb	r3, [r5, #30]	@ zero_extendqisi2
  73 003e 8DF85630 		strb	r3, [sp, #86]
ARM GAS  C:\Users\RYANKE~1\AppData\Local\Temp\cc4qW7Dn.s 			page 3


  42:gps.c         ****             working.latitudePol[1] = '\0';        
  74              		.loc 1 42 0
  75 0042 8DF85760 		strb	r6, [sp, #87]
  43:gps.c         ****             strncpy(working.longitudeStr, data + 32, 10);
  76              		.loc 1 43 0
  77 0046 16A8     		add	r0, sp, #88
  78 0048 05F12001 		add	r1, r5, #32
  79 004c 0A22     		movs	r2, #10
  80 004e FFF7FEFF 		bl	strncpy
  81              	.LVL5:
  44:gps.c         ****             working.longitudeStr[10] = '\0';
  82              		.loc 1 44 0
  83 0052 8DF86260 		strb	r6, [sp, #98]
  45:gps.c         ****             working.longitudePol[0] = data[43];
  84              		.loc 1 45 0
  85 0056 95F82B30 		ldrb	r3, [r5, #43]	@ zero_extendqisi2
  86 005a 8DF86330 		strb	r3, [sp, #99]
  46:gps.c         ****             working.longitudePol[1] = '\0';    
  87              		.loc 1 46 0
  88 005e 8DF86460 		strb	r6, [sp, #100]
  47:gps.c         ****             working.valid = 1;
  89              		.loc 1 47 0
  90 0062 0123     		movs	r3, #1
  91 0064 8DF84A30 		strb	r3, [sp, #74]
  92 0068 1BE0     		b	.L2
  93              	.L3:
  48:gps.c         ****         }
  49:gps.c         ****         else
  50:gps.c         ****         {
  51:gps.c         ****             strcpy(working.latitudeStr, "00000000\0");
  94              		.loc 1 51 0
  95 006a 134A     		ldr	r2, .L5+4
  96 006c 1346     		mov	r3, r2
  97 006e 03CB     		ldmia	r3!, {r0, r1}
  98 0070 CDF84B00 		str	r0, [sp, #75]	@ unaligned
  99 0074 CDF84F10 		str	r1, [sp, #79]	@ unaligned
 100 0078 1B78     		ldrb	r3, [r3]	@ zero_extendqisi2
 101 007a 8DF85330 		strb	r3, [sp, #83]
  52:gps.c         ****             strcpy(working.longitudeStr, "00000000\0");
 102              		.loc 1 52 0
 103 007e 16AB     		add	r3, sp, #88
 104 0080 07CA     		ldmia	r2, {r0, r1, r2}
 105 0082 03C3     		stmia	r3!, {r0, r1}
 106 0084 1A70     		strb	r2, [r3]
  53:gps.c         ****             working.latitudePol[0] = '0';
 107              		.loc 1 53 0
 108 0086 3022     		movs	r2, #48
 109 0088 8DF85620 		strb	r2, [sp, #86]
  54:gps.c         ****             working.latitudePol[1] = '\0';
 110              		.loc 1 54 0
 111 008c 0023     		movs	r3, #0
 112 008e 8DF85730 		strb	r3, [sp, #87]
  55:gps.c         ****             working.longitudePol[0] = '0';
 113              		.loc 1 55 0
 114 0092 8DF86320 		strb	r2, [sp, #99]
  56:gps.c         ****             working.longitudePol[1] = '\0';        
 115              		.loc 1 56 0
ARM GAS  C:\Users\RYANKE~1\AppData\Local\Temp\cc4qW7Dn.s 			page 4


 116 0096 8DF86430 		strb	r3, [sp, #100]
  57:gps.c         ****             working.valid = 0;
 117              		.loc 1 57 0
 118 009a 8DF84A30 		strb	r3, [sp, #74]
  58:gps.c         ****             working.raw[0] = '\0';
 119              		.loc 1 58 0
 120 009e 8DF80030 		strb	r3, [sp]
 121              	.L2:
  59:gps.c         ****         }
  60:gps.c         ****     }
  61:gps.c         ****     return working;
 122              		.loc 1 61 0
 123 00a2 2046     		mov	r0, r4
 124 00a4 6946     		mov	r1, sp
 125 00a6 6522     		movs	r2, #101
 126 00a8 FFF7FEFF 		bl	memcpy
 127              	.LVL6:
  62:gps.c         **** }
 128              		.loc 1 62 0
 129 00ac 2046     		mov	r0, r4
 130 00ae 1AB0     		add	sp, sp, #104
 131              		.cfi_def_cfa_offset 16
 132              		@ sp needed
 133 00b0 70BD     		pop	{r4, r5, r6, pc}
 134              	.LVL7:
 135              	.L6:
 136 00b2 00BF     		.align	2
 137              	.L5:
 138 00b4 00000000 		.word	.LC0
 139 00b8 00000000 		.word	.LANCHOR0
 140              		.cfi_endproc
 141              	.LFE63:
 142              		.size	GPS_Parse, .-GPS_Parse
 143              		.section	.text.GPS_Init,"ax",%progbits
 144              		.align	2
 145              		.global	GPS_Init
 146              		.thumb
 147              		.thumb_func
 148              		.type	GPS_Init, %function
 149              	GPS_Init:
 150              	.LFB64:
  63:gps.c         **** 
  64:gps.c         **** void GPS_Init()
  65:gps.c         **** {
 151              		.loc 1 65 0
 152              		.cfi_startproc
 153              		@ args = 0, pretend = 0, frame = 0
 154              		@ frame_needed = 0, uses_anonymous_args = 0
 155 0000 08B5     		push	{r3, lr}
 156              		.cfi_def_cfa_offset 8
 157              		.cfi_offset 3, -8
 158              		.cfi_offset 14, -4
  66:gps.c         ****     // Refresh 500ms
  67:gps.c         ****     GPS_UART_PutString("$PMTK220,500*2B\r\n");
 159              		.loc 1 67 0
 160 0002 0348     		ldr	r0, .L9
 161 0004 FFF7FEFF 		bl	GPS_UART_PutString
ARM GAS  C:\Users\RYANKE~1\AppData\Local\Temp\cc4qW7Dn.s 			page 5


 162              	.LVL8:
  68:gps.c         ****     // Disable all output except RMC string
  69:gps.c         ****     GPS_UART_PutString("$PMTK314,0,1,0,0,0,0,0,0,0,0,0,0,0,0,0,0,0,0,0*29\r\n");
 163              		.loc 1 69 0
 164 0008 0248     		ldr	r0, .L9+4
 165 000a FFF7FEFF 		bl	GPS_UART_PutString
 166              	.LVL9:
 167 000e 08BD     		pop	{r3, pc}
 168              	.L10:
 169              		.align	2
 170              	.L9:
 171 0010 08000000 		.word	.LC2
 172 0014 1C000000 		.word	.LC3
 173              		.cfi_endproc
 174              	.LFE64:
 175              		.size	GPS_Init, .-GPS_Init
 176              		.section	.rodata
 177              		.align	2
 178              		.set	.LANCHOR0,. + 0
 179              	.LC1:
 180 0000 30303030 		.ascii	"00000000\000\000"
 180      30303030 
 180      0000
 181 000a 0000     		.section	.rodata.str1.4,"aMS",%progbits,1
 182              		.align	2
 183              	.LC0:
 184 0000 24475052 		.ascii	"$GPRMC\000"
 184      4D4300
 185 0007 00       		.space	1
 186              	.LC2:
 187 0008 24504D54 		.ascii	"$PMTK220,500*2B\015\012\000"
 187      4B323230 
 187      2C353030 
 187      2A32420D 
 187      0A00
 188 001a 0000     		.space	2
 189              	.LC3:
 190 001c 24504D54 		.ascii	"$PMTK314,0,1,0,0,0,0,0,0,0,0,0,0,0,0,0,0,0,0,0*29\015"
 190      4B333134 
 190      2C302C31 
 190      2C302C30 
 190      2C302C30 
 191 004e 0A00     		.ascii	"\012\000"
 192              		.text
 193              	.Letext0:
 194              		.file 2 "c:\\program files (x86)\\cypress\\psoc creator\\4.0\\psoc creator\\import\\gnu\\arm\\4.9.
 195              		.file 3 "c:\\program files (x86)\\cypress\\psoc creator\\4.0\\psoc creator\\import\\gnu\\arm\\4.9.
 196              		.file 4 "Generated_Source\\PSoC5/cytypes.h"
 197              		.file 5 "c:\\program files (x86)\\cypress\\psoc creator\\4.0\\psoc creator\\import\\gnu\\arm\\4.9.
 198              		.file 6 "gps.h"
 199              		.file 7 "c:\\program files (x86)\\cypress\\psoc creator\\4.0\\psoc creator\\import\\gnu\\arm\\4.9.
 200              		.file 8 "Generated_Source\\PSoC5/core_cm3.h"
 201              		.file 9 "Generated_Source\\PSoC5/GPS_UART.h"
 202              		.section	.debug_info,"",%progbits
 203              	.Ldebug_info0:
 204 0000 78030000 		.4byte	0x378
 205 0004 0400     		.2byte	0x4
ARM GAS  C:\Users\RYANKE~1\AppData\Local\Temp\cc4qW7Dn.s 			page 6


 206 0006 00000000 		.4byte	.Ldebug_abbrev0
 207 000a 04       		.byte	0x4
 208 000b 01       		.uleb128 0x1
 209 000c B6000000 		.4byte	.LASF32
 210 0010 01       		.byte	0x1
 211 0011 F1010000 		.4byte	.LASF33
 212 0015 70010000 		.4byte	.LASF34
 213 0019 00000000 		.4byte	.Ldebug_ranges0+0
 214 001d 00000000 		.4byte	0
 215 0021 00000000 		.4byte	.Ldebug_line0
 216 0025 02       		.uleb128 0x2
 217 0026 01       		.byte	0x1
 218 0027 06       		.byte	0x6
 219 0028 62020000 		.4byte	.LASF0
 220 002c 03       		.uleb128 0x3
 221 002d 00000000 		.4byte	.LASF4
 222 0031 02       		.byte	0x2
 223 0032 1D       		.byte	0x1d
 224 0033 37000000 		.4byte	0x37
 225 0037 02       		.uleb128 0x2
 226 0038 01       		.byte	0x1
 227 0039 08       		.byte	0x8
 228 003a 2D000000 		.4byte	.LASF1
 229 003e 02       		.uleb128 0x2
 230 003f 02       		.byte	0x2
 231 0040 05       		.byte	0x5
 232 0041 3C020000 		.4byte	.LASF2
 233 0045 02       		.uleb128 0x2
 234 0046 02       		.byte	0x2
 235 0047 07       		.byte	0x7
 236 0048 52000000 		.4byte	.LASF3
 237 004c 03       		.uleb128 0x3
 238 004d 11000000 		.4byte	.LASF5
 239 0051 02       		.byte	0x2
 240 0052 3F       		.byte	0x3f
 241 0053 57000000 		.4byte	0x57
 242 0057 02       		.uleb128 0x2
 243 0058 04       		.byte	0x4
 244 0059 05       		.byte	0x5
 245 005a 59020000 		.4byte	.LASF6
 246 005e 02       		.uleb128 0x2
 247 005f 04       		.byte	0x4
 248 0060 07       		.byte	0x7
 249 0061 86000000 		.4byte	.LASF7
 250 0065 02       		.uleb128 0x2
 251 0066 08       		.byte	0x8
 252 0067 05       		.byte	0x5
 253 0068 F7010000 		.4byte	.LASF8
 254 006c 02       		.uleb128 0x2
 255 006d 08       		.byte	0x8
 256 006e 07       		.byte	0x7
 257 006f 51010000 		.4byte	.LASF9
 258 0073 04       		.uleb128 0x4
 259 0074 04       		.byte	0x4
 260 0075 05       		.byte	0x5
 261 0076 696E7400 		.ascii	"int\000"
 262 007a 02       		.uleb128 0x2
ARM GAS  C:\Users\RYANKE~1\AppData\Local\Temp\cc4qW7Dn.s 			page 7


 263 007b 04       		.byte	0x4
 264 007c 07       		.byte	0x7
 265 007d 44010000 		.4byte	.LASF10
 266 0081 03       		.uleb128 0x3
 267 0082 68010000 		.4byte	.LASF11
 268 0086 03       		.byte	0x3
 269 0087 15       		.byte	0x15
 270 0088 2C000000 		.4byte	0x2c
 271 008c 03       		.uleb128 0x3
 272 008d E0010000 		.4byte	.LASF12
 273 0091 03       		.byte	0x3
 274 0092 2C       		.byte	0x2c
 275 0093 4C000000 		.4byte	0x4c
 276 0097 02       		.uleb128 0x2
 277 0098 04       		.byte	0x4
 278 0099 04       		.byte	0x4
 279 009a 22000000 		.4byte	.LASF13
 280 009e 02       		.uleb128 0x2
 281 009f 08       		.byte	0x8
 282 00a0 04       		.byte	0x4
 283 00a1 1B000000 		.4byte	.LASF14
 284 00a5 05       		.uleb128 0x5
 285 00a6 3B000000 		.4byte	.LASF15
 286 00aa 04       		.byte	0x4
 287 00ab A301     		.2byte	0x1a3
 288 00ad B1000000 		.4byte	0xb1
 289 00b1 02       		.uleb128 0x2
 290 00b2 01       		.byte	0x1
 291 00b3 08       		.byte	0x8
 292 00b4 11020000 		.4byte	.LASF16
 293 00b8 03       		.uleb128 0x3
 294 00b9 0A000000 		.4byte	.LASF17
 295 00bd 05       		.byte	0x5
 296 00be D4       		.byte	0xd4
 297 00bf 7A000000 		.4byte	0x7a
 298 00c3 02       		.uleb128 0x2
 299 00c4 04       		.byte	0x4
 300 00c5 07       		.byte	0x7
 301 00c6 E8010000 		.4byte	.LASF18
 302 00ca 06       		.uleb128 0x6
 303 00cb 04       		.byte	0x4
 304 00cc 07       		.uleb128 0x7
 305 00cd 04       		.byte	0x4
 306 00ce B1000000 		.4byte	0xb1
 307 00d2 07       		.uleb128 0x7
 308 00d3 04       		.byte	0x4
 309 00d4 D8000000 		.4byte	0xd8
 310 00d8 08       		.uleb128 0x8
 311 00d9 B1000000 		.4byte	0xb1
 312 00dd 09       		.uleb128 0x9
 313 00de D3010000 		.4byte	.LASF35
 314 00e2 65       		.byte	0x65
 315 00e3 06       		.byte	0x6
 316 00e4 21       		.byte	0x21
 317 00e5 32010000 		.4byte	0x132
 318 00e9 0A       		.uleb128 0xa
 319 00ea 72617700 		.ascii	"raw\000"
ARM GAS  C:\Users\RYANKE~1\AppData\Local\Temp\cc4qW7Dn.s 			page 8


 320 00ee 06       		.byte	0x6
 321 00ef 23       		.byte	0x23
 322 00f0 32010000 		.4byte	0x132
 323 00f4 00       		.byte	0
 324 00f5 0B       		.uleb128 0xb
 325 00f6 6E020000 		.4byte	.LASF19
 326 00fa 06       		.byte	0x6
 327 00fb 24       		.byte	0x24
 328 00fc 81000000 		.4byte	0x81
 329 0100 4A       		.byte	0x4a
 330 0101 0B       		.uleb128 0xb
 331 0102 7A000000 		.4byte	.LASF20
 332 0106 06       		.byte	0x6
 333 0107 25       		.byte	0x25
 334 0108 42010000 		.4byte	0x142
 335 010c 4B       		.byte	0x4b
 336 010d 0B       		.uleb128 0xb
 337 010e 05020000 		.4byte	.LASF21
 338 0112 06       		.byte	0x6
 339 0113 26       		.byte	0x26
 340 0114 52010000 		.4byte	0x152
 341 0118 56       		.byte	0x56
 342 0119 0B       		.uleb128 0xb
 343 011a 98000000 		.4byte	.LASF22
 344 011e 06       		.byte	0x6
 345 011f 27       		.byte	0x27
 346 0120 42010000 		.4byte	0x142
 347 0124 58       		.byte	0x58
 348 0125 0B       		.uleb128 0xb
 349 0126 16020000 		.4byte	.LASF23
 350 012a 06       		.byte	0x6
 351 012b 28       		.byte	0x28
 352 012c 52010000 		.4byte	0x152
 353 0130 63       		.byte	0x63
 354 0131 00       		.byte	0
 355 0132 0C       		.uleb128 0xc
 356 0133 B1000000 		.4byte	0xb1
 357 0137 42010000 		.4byte	0x142
 358 013b 0D       		.uleb128 0xd
 359 013c C3000000 		.4byte	0xc3
 360 0140 49       		.byte	0x49
 361 0141 00       		.byte	0
 362 0142 0C       		.uleb128 0xc
 363 0143 B1000000 		.4byte	0xb1
 364 0147 52010000 		.4byte	0x152
 365 014b 0D       		.uleb128 0xd
 366 014c C3000000 		.4byte	0xc3
 367 0150 0A       		.byte	0xa
 368 0151 00       		.byte	0
 369 0152 0C       		.uleb128 0xc
 370 0153 B1000000 		.4byte	0xb1
 371 0157 62010000 		.4byte	0x162
 372 015b 0D       		.uleb128 0xd
 373 015c C3000000 		.4byte	0xc3
 374 0160 01       		.byte	0x1
 375 0161 00       		.byte	0
 376 0162 0E       		.uleb128 0xe
ARM GAS  C:\Users\RYANKE~1\AppData\Local\Temp\cc4qW7Dn.s 			page 9


 377 0163 C9010000 		.4byte	.LASF36
 378 0167 01       		.byte	0x1
 379 0168 1C       		.byte	0x1c
 380 0169 DD000000 		.4byte	0xdd
 381 016d 00000000 		.4byte	.LFB63
 382 0171 BC000000 		.4byte	.LFE63-.LFB63
 383 0175 01       		.uleb128 0x1
 384 0176 9C       		.byte	0x9c
 385 0177 30020000 		.4byte	0x230
 386 017b 0F       		.uleb128 0xf
 387 017c 28000000 		.4byte	.LASF37
 388 0180 01       		.byte	0x1
 389 0181 1C       		.byte	0x1c
 390 0182 D2000000 		.4byte	0xd2
 391 0186 00000000 		.4byte	.LLST0
 392 018a 10       		.uleb128 0x10
 393 018b A5000000 		.4byte	.LASF24
 394 018f 01       		.byte	0x1
 395 0190 1E       		.byte	0x1e
 396 0191 DD000000 		.4byte	0xdd
 397 0195 03       		.uleb128 0x3
 398 0196 91       		.byte	0x91
 399 0197 887F     		.sleb128 -120
 400 0199 11       		.uleb128 0x11
 401 019a 0E000000 		.4byte	.LVL2
 402 019e E3020000 		.4byte	0x2e3
 403 01a2 B3010000 		.4byte	0x1b3
 404 01a6 12       		.uleb128 0x12
 405 01a7 01       		.uleb128 0x1
 406 01a8 51       		.byte	0x51
 407 01a9 02       		.uleb128 0x2
 408 01aa 75       		.byte	0x75
 409 01ab 00       		.sleb128 0
 410 01ac 12       		.uleb128 0x12
 411 01ad 01       		.uleb128 0x1
 412 01ae 50       		.byte	0x50
 413 01af 02       		.uleb128 0x2
 414 01b0 7D       		.byte	0x7d
 415 01b1 00       		.sleb128 0
 416 01b2 00       		.byte	0
 417 01b3 11       		.uleb128 0x11
 418 01b4 18000000 		.4byte	.LVL3
 419 01b8 FD020000 		.4byte	0x2fd
 420 01bc D5010000 		.4byte	0x1d5
 421 01c0 12       		.uleb128 0x12
 422 01c1 01       		.uleb128 0x1
 423 01c2 52       		.byte	0x52
 424 01c3 01       		.uleb128 0x1
 425 01c4 36       		.byte	0x36
 426 01c5 12       		.uleb128 0x12
 427 01c6 01       		.uleb128 0x1
 428 01c7 51       		.byte	0x51
 429 01c8 05       		.uleb128 0x5
 430 01c9 03       		.byte	0x3
 431 01ca 00000000 		.4byte	.LC0
 432 01ce 12       		.uleb128 0x12
 433 01cf 01       		.uleb128 0x1
ARM GAS  C:\Users\RYANKE~1\AppData\Local\Temp\cc4qW7Dn.s 			page 10


 434 01d0 50       		.byte	0x50
 435 01d1 02       		.uleb128 0x2
 436 01d2 7D       		.byte	0x7d
 437 01d3 00       		.sleb128 0
 438 01d4 00       		.byte	0
 439 01d5 11       		.uleb128 0x11
 440 01d6 30000000 		.4byte	.LVL4
 441 01da 1C030000 		.4byte	0x31c
 442 01de F4010000 		.4byte	0x1f4
 443 01e2 12       		.uleb128 0x12
 444 01e3 01       		.uleb128 0x1
 445 01e4 52       		.byte	0x52
 446 01e5 01       		.uleb128 0x1
 447 01e6 39       		.byte	0x39
 448 01e7 12       		.uleb128 0x12
 449 01e8 01       		.uleb128 0x1
 450 01e9 51       		.byte	0x51
 451 01ea 02       		.uleb128 0x2
 452 01eb 75       		.byte	0x75
 453 01ec 14       		.sleb128 20
 454 01ed 12       		.uleb128 0x12
 455 01ee 01       		.uleb128 0x1
 456 01ef 50       		.byte	0x50
 457 01f0 02       		.uleb128 0x2
 458 01f1 91       		.byte	0x91
 459 01f2 54       		.sleb128 -44
 460 01f3 00       		.byte	0
 461 01f4 11       		.uleb128 0x11
 462 01f5 52000000 		.4byte	.LVL5
 463 01f9 1C030000 		.4byte	0x31c
 464 01fd 13020000 		.4byte	0x213
 465 0201 12       		.uleb128 0x12
 466 0202 01       		.uleb128 0x1
 467 0203 52       		.byte	0x52
 468 0204 01       		.uleb128 0x1
 469 0205 3A       		.byte	0x3a
 470 0206 12       		.uleb128 0x12
 471 0207 01       		.uleb128 0x1
 472 0208 51       		.byte	0x51
 473 0209 02       		.uleb128 0x2
 474 020a 75       		.byte	0x75
 475 020b 20       		.sleb128 32
 476 020c 12       		.uleb128 0x12
 477 020d 01       		.uleb128 0x1
 478 020e 50       		.byte	0x50
 479 020f 02       		.uleb128 0x2
 480 0210 91       		.byte	0x91
 481 0211 60       		.sleb128 -32
 482 0212 00       		.byte	0
 483 0213 13       		.uleb128 0x13
 484 0214 AC000000 		.4byte	.LVL6
 485 0218 3B030000 		.4byte	0x33b
 486 021c 12       		.uleb128 0x12
 487 021d 01       		.uleb128 0x1
 488 021e 52       		.byte	0x52
 489 021f 02       		.uleb128 0x2
 490 0220 08       		.byte	0x8
ARM GAS  C:\Users\RYANKE~1\AppData\Local\Temp\cc4qW7Dn.s 			page 11


 491 0221 65       		.byte	0x65
 492 0222 12       		.uleb128 0x12
 493 0223 01       		.uleb128 0x1
 494 0224 51       		.byte	0x51
 495 0225 02       		.uleb128 0x2
 496 0226 7D       		.byte	0x7d
 497 0227 00       		.sleb128 0
 498 0228 12       		.uleb128 0x12
 499 0229 01       		.uleb128 0x1
 500 022a 50       		.byte	0x50
 501 022b 02       		.uleb128 0x2
 502 022c 74       		.byte	0x74
 503 022d 00       		.sleb128 0
 504 022e 00       		.byte	0
 505 022f 00       		.byte	0
 506 0230 14       		.uleb128 0x14
 507 0231 AD000000 		.4byte	.LASF38
 508 0235 01       		.byte	0x1
 509 0236 40       		.byte	0x40
 510 0237 00000000 		.4byte	.LFB64
 511 023b 18000000 		.4byte	.LFE64-.LFB64
 512 023f 01       		.uleb128 0x1
 513 0240 9C       		.byte	0x9c
 514 0241 70020000 		.4byte	0x270
 515 0245 11       		.uleb128 0x11
 516 0246 08000000 		.4byte	.LVL8
 517 024a 5F030000 		.4byte	0x35f
 518 024e 5C020000 		.4byte	0x25c
 519 0252 12       		.uleb128 0x12
 520 0253 01       		.uleb128 0x1
 521 0254 50       		.byte	0x50
 522 0255 05       		.uleb128 0x5
 523 0256 03       		.byte	0x3
 524 0257 08000000 		.4byte	.LC2
 525 025b 00       		.byte	0
 526 025c 13       		.uleb128 0x13
 527 025d 0E000000 		.4byte	.LVL9
 528 0261 5F030000 		.4byte	0x35f
 529 0265 12       		.uleb128 0x12
 530 0266 01       		.uleb128 0x1
 531 0267 50       		.byte	0x50
 532 0268 05       		.uleb128 0x5
 533 0269 03       		.byte	0x3
 534 026a 1C000000 		.4byte	.LC3
 535 026e 00       		.byte	0
 536 026f 00       		.byte	0
 537 0270 15       		.uleb128 0x15
 538 0271 2B020000 		.4byte	.LASF25
 539 0275 06       		.byte	0x6
 540 0276 1D       		.byte	0x1d
 541 0277 32010000 		.4byte	0x132
 542 027b 4A       		.byte	0x4a
 543 027c 00       		.byte	0
 544 027d 00       		.byte	0
 545 027e 00       		.byte	0
 546 027f 00       		.byte	0
 547 0280 00       		.byte	0
ARM GAS  C:\Users\RYANKE~1\AppData\Local\Temp\cc4qW7Dn.s 			page 12


 548 0281 00       		.byte	0
 549 0282 00       		.byte	0
 550 0283 00       		.byte	0
 551 0284 00       		.byte	0
 552 0285 00       		.byte	0
 553 0286 00       		.byte	0
 554 0287 00       		.byte	0
 555 0288 00       		.byte	0
 556 0289 00       		.byte	0
 557 028a 00       		.byte	0
 558 028b 00       		.byte	0
 559 028c 00       		.byte	0
 560 028d 00       		.byte	0
 561 028e 00       		.byte	0
 562 028f 00       		.byte	0
 563 0290 00       		.byte	0
 564 0291 00       		.byte	0
 565 0292 00       		.byte	0
 566 0293 00       		.byte	0
 567 0294 00       		.byte	0
 568 0295 00       		.byte	0
 569 0296 00       		.byte	0
 570 0297 00       		.byte	0
 571 0298 00       		.byte	0
 572 0299 00       		.byte	0
 573 029a 00       		.byte	0
 574 029b 00       		.byte	0
 575 029c 00       		.byte	0
 576 029d 00       		.byte	0
 577 029e 00       		.byte	0
 578 029f 00       		.byte	0
 579 02a0 00       		.byte	0
 580 02a1 00       		.byte	0
 581 02a2 00       		.byte	0
 582 02a3 00       		.byte	0
 583 02a4 00       		.byte	0
 584 02a5 00       		.byte	0
 585 02a6 00       		.byte	0
 586 02a7 00       		.byte	0
 587 02a8 00       		.byte	0
 588 02a9 00       		.byte	0
 589 02aa 00       		.byte	0
 590 02ab 00       		.byte	0
 591 02ac 00       		.byte	0
 592 02ad 00       		.byte	0
 593 02ae 00       		.byte	0
 594 02af 00       		.byte	0
 595 02b0 00       		.byte	0
 596 02b1 00       		.byte	0
 597 02b2 00       		.byte	0
 598 02b3 00       		.byte	0
 599 02b4 00       		.byte	0
 600 02b5 00       		.byte	0
 601 02b6 00       		.byte	0
 602 02b7 00       		.byte	0
 603 02b8 00       		.byte	0
 604 02b9 00       		.byte	0
ARM GAS  C:\Users\RYANKE~1\AppData\Local\Temp\cc4qW7Dn.s 			page 13


 605 02ba 00       		.byte	0
 606 02bb 00       		.byte	0
 607 02bc 00       		.byte	0
 608 02bd 00       		.byte	0
 609 02be 00       		.byte	0
 610 02bf 00       		.byte	0
 611 02c0 00       		.byte	0
 612 02c1 00       		.byte	0
 613 02c2 00       		.byte	0
 614 02c3 00       		.byte	0
 615 02c4 00       		.byte	0
 616 02c5 00       		.byte	0
 617 02c6 16       		.uleb128 0x16
 618 02c7 48000000 		.4byte	.LASF26
 619 02cb 06       		.byte	0x6
 620 02cc 1E       		.byte	0x1e
 621 02cd 81000000 		.4byte	0x81
 622 02d1 00       		.byte	0
 623 02d2 17       		.uleb128 0x17
 624 02d3 65000000 		.4byte	.LASF39
 625 02d7 08       		.byte	0x8
 626 02d8 9606     		.2byte	0x696
 627 02da DE020000 		.4byte	0x2de
 628 02de 18       		.uleb128 0x18
 629 02df 8C000000 		.4byte	0x8c
 630 02e3 19       		.uleb128 0x19
 631 02e4 41000000 		.4byte	.LASF27
 632 02e8 07       		.byte	0x7
 633 02e9 1E       		.byte	0x1e
 634 02ea CC000000 		.4byte	0xcc
 635 02ee FD020000 		.4byte	0x2fd
 636 02f2 1A       		.uleb128 0x1a
 637 02f3 CC000000 		.4byte	0xcc
 638 02f7 1A       		.uleb128 0x1a
 639 02f8 D2000000 		.4byte	0xd2
 640 02fc 00       		.byte	0
 641 02fd 19       		.uleb128 0x19
 642 02fe 23020000 		.4byte	.LASF28
 643 0302 07       		.byte	0x7
 644 0303 23       		.byte	0x23
 645 0304 73000000 		.4byte	0x73
 646 0308 1C030000 		.4byte	0x31c
 647 030c 1A       		.uleb128 0x1a
 648 030d D2000000 		.4byte	0xd2
 649 0311 1A       		.uleb128 0x1a
 650 0312 D2000000 		.4byte	0xd2
 651 0316 1A       		.uleb128 0x1a
 652 0317 B8000000 		.4byte	0xb8
 653 031b 00       		.byte	0
 654 031c 19       		.uleb128 0x19
 655 031d 72000000 		.4byte	.LASF29
 656 0321 07       		.byte	0x7
 657 0322 24       		.byte	0x24
 658 0323 CC000000 		.4byte	0xcc
 659 0327 3B030000 		.4byte	0x33b
 660 032b 1A       		.uleb128 0x1a
 661 032c CC000000 		.4byte	0xcc
ARM GAS  C:\Users\RYANKE~1\AppData\Local\Temp\cc4qW7Dn.s 			page 14


 662 0330 1A       		.uleb128 0x1a
 663 0331 D2000000 		.4byte	0xd2
 664 0335 1A       		.uleb128 0x1a
 665 0336 B8000000 		.4byte	0xb8
 666 033a 00       		.byte	0
 667 033b 1B       		.uleb128 0x1b
 668 033c 35020000 		.4byte	.LASF30
 669 0340 CA000000 		.4byte	0xca
 670 0344 58030000 		.4byte	0x358
 671 0348 1A       		.uleb128 0x1a
 672 0349 CA000000 		.4byte	0xca
 673 034d 1A       		.uleb128 0x1a
 674 034e 58030000 		.4byte	0x358
 675 0352 1A       		.uleb128 0x1a
 676 0353 C3000000 		.4byte	0xc3
 677 0357 00       		.byte	0
 678 0358 07       		.uleb128 0x7
 679 0359 04       		.byte	0x4
 680 035a 5E030000 		.4byte	0x35e
 681 035e 1C       		.uleb128 0x1c
 682 035f 1D       		.uleb128 0x1d
 683 0360 46020000 		.4byte	.LASF31
 684 0364 09       		.byte	0x9
 685 0365 8B       		.byte	0x8b
 686 0366 70030000 		.4byte	0x370
 687 036a 1A       		.uleb128 0x1a
 688 036b 70030000 		.4byte	0x370
 689 036f 00       		.byte	0
 690 0370 07       		.uleb128 0x7
 691 0371 04       		.byte	0x4
 692 0372 76030000 		.4byte	0x376
 693 0376 08       		.uleb128 0x8
 694 0377 A5000000 		.4byte	0xa5
 695 037b 00       		.byte	0
 696              		.section	.debug_abbrev,"",%progbits
 697              	.Ldebug_abbrev0:
 698 0000 01       		.uleb128 0x1
 699 0001 11       		.uleb128 0x11
 700 0002 01       		.byte	0x1
 701 0003 25       		.uleb128 0x25
 702 0004 0E       		.uleb128 0xe
 703 0005 13       		.uleb128 0x13
 704 0006 0B       		.uleb128 0xb
 705 0007 03       		.uleb128 0x3
 706 0008 0E       		.uleb128 0xe
 707 0009 1B       		.uleb128 0x1b
 708 000a 0E       		.uleb128 0xe
 709 000b 55       		.uleb128 0x55
 710 000c 17       		.uleb128 0x17
 711 000d 11       		.uleb128 0x11
 712 000e 01       		.uleb128 0x1
 713 000f 10       		.uleb128 0x10
 714 0010 17       		.uleb128 0x17
 715 0011 00       		.byte	0
 716 0012 00       		.byte	0
 717 0013 02       		.uleb128 0x2
 718 0014 24       		.uleb128 0x24
ARM GAS  C:\Users\RYANKE~1\AppData\Local\Temp\cc4qW7Dn.s 			page 15


 719 0015 00       		.byte	0
 720 0016 0B       		.uleb128 0xb
 721 0017 0B       		.uleb128 0xb
 722 0018 3E       		.uleb128 0x3e
 723 0019 0B       		.uleb128 0xb
 724 001a 03       		.uleb128 0x3
 725 001b 0E       		.uleb128 0xe
 726 001c 00       		.byte	0
 727 001d 00       		.byte	0
 728 001e 03       		.uleb128 0x3
 729 001f 16       		.uleb128 0x16
 730 0020 00       		.byte	0
 731 0021 03       		.uleb128 0x3
 732 0022 0E       		.uleb128 0xe
 733 0023 3A       		.uleb128 0x3a
 734 0024 0B       		.uleb128 0xb
 735 0025 3B       		.uleb128 0x3b
 736 0026 0B       		.uleb128 0xb
 737 0027 49       		.uleb128 0x49
 738 0028 13       		.uleb128 0x13
 739 0029 00       		.byte	0
 740 002a 00       		.byte	0
 741 002b 04       		.uleb128 0x4
 742 002c 24       		.uleb128 0x24
 743 002d 00       		.byte	0
 744 002e 0B       		.uleb128 0xb
 745 002f 0B       		.uleb128 0xb
 746 0030 3E       		.uleb128 0x3e
 747 0031 0B       		.uleb128 0xb
 748 0032 03       		.uleb128 0x3
 749 0033 08       		.uleb128 0x8
 750 0034 00       		.byte	0
 751 0035 00       		.byte	0
 752 0036 05       		.uleb128 0x5
 753 0037 16       		.uleb128 0x16
 754 0038 00       		.byte	0
 755 0039 03       		.uleb128 0x3
 756 003a 0E       		.uleb128 0xe
 757 003b 3A       		.uleb128 0x3a
 758 003c 0B       		.uleb128 0xb
 759 003d 3B       		.uleb128 0x3b
 760 003e 05       		.uleb128 0x5
 761 003f 49       		.uleb128 0x49
 762 0040 13       		.uleb128 0x13
 763 0041 00       		.byte	0
 764 0042 00       		.byte	0
 765 0043 06       		.uleb128 0x6
 766 0044 0F       		.uleb128 0xf
 767 0045 00       		.byte	0
 768 0046 0B       		.uleb128 0xb
 769 0047 0B       		.uleb128 0xb
 770 0048 00       		.byte	0
 771 0049 00       		.byte	0
 772 004a 07       		.uleb128 0x7
 773 004b 0F       		.uleb128 0xf
 774 004c 00       		.byte	0
 775 004d 0B       		.uleb128 0xb
ARM GAS  C:\Users\RYANKE~1\AppData\Local\Temp\cc4qW7Dn.s 			page 16


 776 004e 0B       		.uleb128 0xb
 777 004f 49       		.uleb128 0x49
 778 0050 13       		.uleb128 0x13
 779 0051 00       		.byte	0
 780 0052 00       		.byte	0
 781 0053 08       		.uleb128 0x8
 782 0054 26       		.uleb128 0x26
 783 0055 00       		.byte	0
 784 0056 49       		.uleb128 0x49
 785 0057 13       		.uleb128 0x13
 786 0058 00       		.byte	0
 787 0059 00       		.byte	0
 788 005a 09       		.uleb128 0x9
 789 005b 13       		.uleb128 0x13
 790 005c 01       		.byte	0x1
 791 005d 03       		.uleb128 0x3
 792 005e 0E       		.uleb128 0xe
 793 005f 0B       		.uleb128 0xb
 794 0060 0B       		.uleb128 0xb
 795 0061 3A       		.uleb128 0x3a
 796 0062 0B       		.uleb128 0xb
 797 0063 3B       		.uleb128 0x3b
 798 0064 0B       		.uleb128 0xb
 799 0065 01       		.uleb128 0x1
 800 0066 13       		.uleb128 0x13
 801 0067 00       		.byte	0
 802 0068 00       		.byte	0
 803 0069 0A       		.uleb128 0xa
 804 006a 0D       		.uleb128 0xd
 805 006b 00       		.byte	0
 806 006c 03       		.uleb128 0x3
 807 006d 08       		.uleb128 0x8
 808 006e 3A       		.uleb128 0x3a
 809 006f 0B       		.uleb128 0xb
 810 0070 3B       		.uleb128 0x3b
 811 0071 0B       		.uleb128 0xb
 812 0072 49       		.uleb128 0x49
 813 0073 13       		.uleb128 0x13
 814 0074 38       		.uleb128 0x38
 815 0075 0B       		.uleb128 0xb
 816 0076 00       		.byte	0
 817 0077 00       		.byte	0
 818 0078 0B       		.uleb128 0xb
 819 0079 0D       		.uleb128 0xd
 820 007a 00       		.byte	0
 821 007b 03       		.uleb128 0x3
 822 007c 0E       		.uleb128 0xe
 823 007d 3A       		.uleb128 0x3a
 824 007e 0B       		.uleb128 0xb
 825 007f 3B       		.uleb128 0x3b
 826 0080 0B       		.uleb128 0xb
 827 0081 49       		.uleb128 0x49
 828 0082 13       		.uleb128 0x13
 829 0083 38       		.uleb128 0x38
 830 0084 0B       		.uleb128 0xb
 831 0085 00       		.byte	0
 832 0086 00       		.byte	0
ARM GAS  C:\Users\RYANKE~1\AppData\Local\Temp\cc4qW7Dn.s 			page 17


 833 0087 0C       		.uleb128 0xc
 834 0088 01       		.uleb128 0x1
 835 0089 01       		.byte	0x1
 836 008a 49       		.uleb128 0x49
 837 008b 13       		.uleb128 0x13
 838 008c 01       		.uleb128 0x1
 839 008d 13       		.uleb128 0x13
 840 008e 00       		.byte	0
 841 008f 00       		.byte	0
 842 0090 0D       		.uleb128 0xd
 843 0091 21       		.uleb128 0x21
 844 0092 00       		.byte	0
 845 0093 49       		.uleb128 0x49
 846 0094 13       		.uleb128 0x13
 847 0095 2F       		.uleb128 0x2f
 848 0096 0B       		.uleb128 0xb
 849 0097 00       		.byte	0
 850 0098 00       		.byte	0
 851 0099 0E       		.uleb128 0xe
 852 009a 2E       		.uleb128 0x2e
 853 009b 01       		.byte	0x1
 854 009c 3F       		.uleb128 0x3f
 855 009d 19       		.uleb128 0x19
 856 009e 03       		.uleb128 0x3
 857 009f 0E       		.uleb128 0xe
 858 00a0 3A       		.uleb128 0x3a
 859 00a1 0B       		.uleb128 0xb
 860 00a2 3B       		.uleb128 0x3b
 861 00a3 0B       		.uleb128 0xb
 862 00a4 27       		.uleb128 0x27
 863 00a5 19       		.uleb128 0x19
 864 00a6 49       		.uleb128 0x49
 865 00a7 13       		.uleb128 0x13
 866 00a8 11       		.uleb128 0x11
 867 00a9 01       		.uleb128 0x1
 868 00aa 12       		.uleb128 0x12
 869 00ab 06       		.uleb128 0x6
 870 00ac 40       		.uleb128 0x40
 871 00ad 18       		.uleb128 0x18
 872 00ae 9742     		.uleb128 0x2117
 873 00b0 19       		.uleb128 0x19
 874 00b1 01       		.uleb128 0x1
 875 00b2 13       		.uleb128 0x13
 876 00b3 00       		.byte	0
 877 00b4 00       		.byte	0
 878 00b5 0F       		.uleb128 0xf
 879 00b6 05       		.uleb128 0x5
 880 00b7 00       		.byte	0
 881 00b8 03       		.uleb128 0x3
 882 00b9 0E       		.uleb128 0xe
 883 00ba 3A       		.uleb128 0x3a
 884 00bb 0B       		.uleb128 0xb
 885 00bc 3B       		.uleb128 0x3b
 886 00bd 0B       		.uleb128 0xb
 887 00be 49       		.uleb128 0x49
 888 00bf 13       		.uleb128 0x13
 889 00c0 02       		.uleb128 0x2
ARM GAS  C:\Users\RYANKE~1\AppData\Local\Temp\cc4qW7Dn.s 			page 18


 890 00c1 17       		.uleb128 0x17
 891 00c2 00       		.byte	0
 892 00c3 00       		.byte	0
 893 00c4 10       		.uleb128 0x10
 894 00c5 34       		.uleb128 0x34
 895 00c6 00       		.byte	0
 896 00c7 03       		.uleb128 0x3
 897 00c8 0E       		.uleb128 0xe
 898 00c9 3A       		.uleb128 0x3a
 899 00ca 0B       		.uleb128 0xb
 900 00cb 3B       		.uleb128 0x3b
 901 00cc 0B       		.uleb128 0xb
 902 00cd 49       		.uleb128 0x49
 903 00ce 13       		.uleb128 0x13
 904 00cf 02       		.uleb128 0x2
 905 00d0 18       		.uleb128 0x18
 906 00d1 00       		.byte	0
 907 00d2 00       		.byte	0
 908 00d3 11       		.uleb128 0x11
 909 00d4 898201   		.uleb128 0x4109
 910 00d7 01       		.byte	0x1
 911 00d8 11       		.uleb128 0x11
 912 00d9 01       		.uleb128 0x1
 913 00da 31       		.uleb128 0x31
 914 00db 13       		.uleb128 0x13
 915 00dc 01       		.uleb128 0x1
 916 00dd 13       		.uleb128 0x13
 917 00de 00       		.byte	0
 918 00df 00       		.byte	0
 919 00e0 12       		.uleb128 0x12
 920 00e1 8A8201   		.uleb128 0x410a
 921 00e4 00       		.byte	0
 922 00e5 02       		.uleb128 0x2
 923 00e6 18       		.uleb128 0x18
 924 00e7 9142     		.uleb128 0x2111
 925 00e9 18       		.uleb128 0x18
 926 00ea 00       		.byte	0
 927 00eb 00       		.byte	0
 928 00ec 13       		.uleb128 0x13
 929 00ed 898201   		.uleb128 0x4109
 930 00f0 01       		.byte	0x1
 931 00f1 11       		.uleb128 0x11
 932 00f2 01       		.uleb128 0x1
 933 00f3 31       		.uleb128 0x31
 934 00f4 13       		.uleb128 0x13
 935 00f5 00       		.byte	0
 936 00f6 00       		.byte	0
 937 00f7 14       		.uleb128 0x14
 938 00f8 2E       		.uleb128 0x2e
 939 00f9 01       		.byte	0x1
 940 00fa 3F       		.uleb128 0x3f
 941 00fb 19       		.uleb128 0x19
 942 00fc 03       		.uleb128 0x3
 943 00fd 0E       		.uleb128 0xe
 944 00fe 3A       		.uleb128 0x3a
 945 00ff 0B       		.uleb128 0xb
 946 0100 3B       		.uleb128 0x3b
ARM GAS  C:\Users\RYANKE~1\AppData\Local\Temp\cc4qW7Dn.s 			page 19


 947 0101 0B       		.uleb128 0xb
 948 0102 11       		.uleb128 0x11
 949 0103 01       		.uleb128 0x1
 950 0104 12       		.uleb128 0x12
 951 0105 06       		.uleb128 0x6
 952 0106 40       		.uleb128 0x40
 953 0107 18       		.uleb128 0x18
 954 0108 9742     		.uleb128 0x2117
 955 010a 19       		.uleb128 0x19
 956 010b 01       		.uleb128 0x1
 957 010c 13       		.uleb128 0x13
 958 010d 00       		.byte	0
 959 010e 00       		.byte	0
 960 010f 15       		.uleb128 0x15
 961 0110 34       		.uleb128 0x34
 962 0111 00       		.byte	0
 963 0112 03       		.uleb128 0x3
 964 0113 0E       		.uleb128 0xe
 965 0114 3A       		.uleb128 0x3a
 966 0115 0B       		.uleb128 0xb
 967 0116 3B       		.uleb128 0x3b
 968 0117 0B       		.uleb128 0xb
 969 0118 49       		.uleb128 0x49
 970 0119 13       		.uleb128 0x13
 971 011a 1C       		.uleb128 0x1c
 972 011b 0A       		.uleb128 0xa
 973 011c 00       		.byte	0
 974 011d 00       		.byte	0
 975 011e 16       		.uleb128 0x16
 976 011f 34       		.uleb128 0x34
 977 0120 00       		.byte	0
 978 0121 03       		.uleb128 0x3
 979 0122 0E       		.uleb128 0xe
 980 0123 3A       		.uleb128 0x3a
 981 0124 0B       		.uleb128 0xb
 982 0125 3B       		.uleb128 0x3b
 983 0126 0B       		.uleb128 0xb
 984 0127 49       		.uleb128 0x49
 985 0128 13       		.uleb128 0x13
 986 0129 1C       		.uleb128 0x1c
 987 012a 0B       		.uleb128 0xb
 988 012b 00       		.byte	0
 989 012c 00       		.byte	0
 990 012d 17       		.uleb128 0x17
 991 012e 34       		.uleb128 0x34
 992 012f 00       		.byte	0
 993 0130 03       		.uleb128 0x3
 994 0131 0E       		.uleb128 0xe
 995 0132 3A       		.uleb128 0x3a
 996 0133 0B       		.uleb128 0xb
 997 0134 3B       		.uleb128 0x3b
 998 0135 05       		.uleb128 0x5
 999 0136 49       		.uleb128 0x49
 1000 0137 13       		.uleb128 0x13
 1001 0138 3F       		.uleb128 0x3f
 1002 0139 19       		.uleb128 0x19
 1003 013a 3C       		.uleb128 0x3c
ARM GAS  C:\Users\RYANKE~1\AppData\Local\Temp\cc4qW7Dn.s 			page 20


 1004 013b 19       		.uleb128 0x19
 1005 013c 00       		.byte	0
 1006 013d 00       		.byte	0
 1007 013e 18       		.uleb128 0x18
 1008 013f 35       		.uleb128 0x35
 1009 0140 00       		.byte	0
 1010 0141 49       		.uleb128 0x49
 1011 0142 13       		.uleb128 0x13
 1012 0143 00       		.byte	0
 1013 0144 00       		.byte	0
 1014 0145 19       		.uleb128 0x19
 1015 0146 2E       		.uleb128 0x2e
 1016 0147 01       		.byte	0x1
 1017 0148 3F       		.uleb128 0x3f
 1018 0149 19       		.uleb128 0x19
 1019 014a 03       		.uleb128 0x3
 1020 014b 0E       		.uleb128 0xe
 1021 014c 3A       		.uleb128 0x3a
 1022 014d 0B       		.uleb128 0xb
 1023 014e 3B       		.uleb128 0x3b
 1024 014f 0B       		.uleb128 0xb
 1025 0150 27       		.uleb128 0x27
 1026 0151 19       		.uleb128 0x19
 1027 0152 49       		.uleb128 0x49
 1028 0153 13       		.uleb128 0x13
 1029 0154 3C       		.uleb128 0x3c
 1030 0155 19       		.uleb128 0x19
 1031 0156 01       		.uleb128 0x1
 1032 0157 13       		.uleb128 0x13
 1033 0158 00       		.byte	0
 1034 0159 00       		.byte	0
 1035 015a 1A       		.uleb128 0x1a
 1036 015b 05       		.uleb128 0x5
 1037 015c 00       		.byte	0
 1038 015d 49       		.uleb128 0x49
 1039 015e 13       		.uleb128 0x13
 1040 015f 00       		.byte	0
 1041 0160 00       		.byte	0
 1042 0161 1B       		.uleb128 0x1b
 1043 0162 2E       		.uleb128 0x2e
 1044 0163 01       		.byte	0x1
 1045 0164 3F       		.uleb128 0x3f
 1046 0165 19       		.uleb128 0x19
 1047 0166 03       		.uleb128 0x3
 1048 0167 0E       		.uleb128 0xe
 1049 0168 27       		.uleb128 0x27
 1050 0169 19       		.uleb128 0x19
 1051 016a 49       		.uleb128 0x49
 1052 016b 13       		.uleb128 0x13
 1053 016c 34       		.uleb128 0x34
 1054 016d 19       		.uleb128 0x19
 1055 016e 3C       		.uleb128 0x3c
 1056 016f 19       		.uleb128 0x19
 1057 0170 01       		.uleb128 0x1
 1058 0171 13       		.uleb128 0x13
 1059 0172 00       		.byte	0
 1060 0173 00       		.byte	0
ARM GAS  C:\Users\RYANKE~1\AppData\Local\Temp\cc4qW7Dn.s 			page 21


 1061 0174 1C       		.uleb128 0x1c
 1062 0175 26       		.uleb128 0x26
 1063 0176 00       		.byte	0
 1064 0177 00       		.byte	0
 1065 0178 00       		.byte	0
 1066 0179 1D       		.uleb128 0x1d
 1067 017a 2E       		.uleb128 0x2e
 1068 017b 01       		.byte	0x1
 1069 017c 3F       		.uleb128 0x3f
 1070 017d 19       		.uleb128 0x19
 1071 017e 03       		.uleb128 0x3
 1072 017f 0E       		.uleb128 0xe
 1073 0180 3A       		.uleb128 0x3a
 1074 0181 0B       		.uleb128 0xb
 1075 0182 3B       		.uleb128 0x3b
 1076 0183 0B       		.uleb128 0xb
 1077 0184 27       		.uleb128 0x27
 1078 0185 19       		.uleb128 0x19
 1079 0186 3C       		.uleb128 0x3c
 1080 0187 19       		.uleb128 0x19
 1081 0188 01       		.uleb128 0x1
 1082 0189 13       		.uleb128 0x13
 1083 018a 00       		.byte	0
 1084 018b 00       		.byte	0
 1085 018c 00       		.byte	0
 1086              		.section	.debug_loc,"",%progbits
 1087              	.Ldebug_loc0:
 1088              	.LLST0:
 1089 0000 00000000 		.4byte	.LVL0
 1090 0004 0D000000 		.4byte	.LVL2-1
 1091 0008 0100     		.2byte	0x1
 1092 000a 51       		.byte	0x51
 1093 000b 0D000000 		.4byte	.LVL2-1
 1094 000f B2000000 		.4byte	.LVL7
 1095 0013 0100     		.2byte	0x1
 1096 0015 55       		.byte	0x55
 1097 0016 B2000000 		.4byte	.LVL7
 1098 001a BC000000 		.4byte	.LFE63
 1099 001e 0400     		.2byte	0x4
 1100 0020 F3       		.byte	0xf3
 1101 0021 01       		.uleb128 0x1
 1102 0022 51       		.byte	0x51
 1103 0023 9F       		.byte	0x9f
 1104 0024 00000000 		.4byte	0
 1105 0028 00000000 		.4byte	0
 1106              		.section	.debug_aranges,"",%progbits
 1107 0000 24000000 		.4byte	0x24
 1108 0004 0200     		.2byte	0x2
 1109 0006 00000000 		.4byte	.Ldebug_info0
 1110 000a 04       		.byte	0x4
 1111 000b 00       		.byte	0
 1112 000c 0000     		.2byte	0
 1113 000e 0000     		.2byte	0
 1114 0010 00000000 		.4byte	.LFB63
 1115 0014 BC000000 		.4byte	.LFE63-.LFB63
 1116 0018 00000000 		.4byte	.LFB64
 1117 001c 18000000 		.4byte	.LFE64-.LFB64
ARM GAS  C:\Users\RYANKE~1\AppData\Local\Temp\cc4qW7Dn.s 			page 22


 1118 0020 00000000 		.4byte	0
 1119 0024 00000000 		.4byte	0
 1120              		.section	.debug_ranges,"",%progbits
 1121              	.Ldebug_ranges0:
 1122 0000 00000000 		.4byte	.LFB63
 1123 0004 BC000000 		.4byte	.LFE63
 1124 0008 00000000 		.4byte	.LFB64
 1125 000c 18000000 		.4byte	.LFE64
 1126 0010 00000000 		.4byte	0
 1127 0014 00000000 		.4byte	0
 1128              		.section	.debug_line,"",%progbits
 1129              	.Ldebug_line0:
 1130 0000 29020000 		.section	.debug_str,"MS",%progbits,1
 1130      0200EB01 
 1130      00000201 
 1130      FB0E0D00 
 1130      01010101 
 1131              	.LASF4:
 1132 0000 5F5F7569 		.ascii	"__uint8_t\000"
 1132      6E74385F 
 1132      7400
 1133              	.LASF17:
 1134 000a 73697A65 		.ascii	"size_t\000"
 1134      5F7400
 1135              	.LASF5:
 1136 0011 5F5F696E 		.ascii	"__int32_t\000"
 1136      7433325F 
 1136      7400
 1137              	.LASF14:
 1138 001b 646F7562 		.ascii	"double\000"
 1138      6C6500
 1139              	.LASF13:
 1140 0022 666C6F61 		.ascii	"float\000"
 1140      7400
 1141              	.LASF37:
 1142 0028 64617461 		.ascii	"data\000"
 1142      00
 1143              	.LASF1:
 1144 002d 756E7369 		.ascii	"unsigned char\000"
 1144      676E6564 
 1144      20636861 
 1144      7200
 1145              	.LASF15:
 1146 003b 63686172 		.ascii	"char8\000"
 1146      3800
 1147              	.LASF27:
 1148 0041 73747263 		.ascii	"strcpy\000"
 1148      707900
 1149              	.LASF26:
 1150 0048 4750535F 		.ascii	"GPS_Ready\000"
 1150      52656164 
 1150      7900
 1151              	.LASF3:
 1152 0052 73686F72 		.ascii	"short unsigned int\000"
 1152      7420756E 
 1152      7369676E 
 1152      65642069 
ARM GAS  C:\Users\RYANKE~1\AppData\Local\Temp\cc4qW7Dn.s 			page 23


 1152      6E7400
 1153              	.LASF39:
 1154 0065 49544D5F 		.ascii	"ITM_RxBuffer\000"
 1154      52784275 
 1154      66666572 
 1154      00
 1155              	.LASF29:
 1156 0072 7374726E 		.ascii	"strncpy\000"
 1156      63707900 
 1157              	.LASF20:
 1158 007a 6C617469 		.ascii	"latitudeStr\000"
 1158      74756465 
 1158      53747200 
 1159              	.LASF7:
 1160 0086 6C6F6E67 		.ascii	"long unsigned int\000"
 1160      20756E73 
 1160      69676E65 
 1160      6420696E 
 1160      7400
 1161              	.LASF22:
 1162 0098 6C6F6E67 		.ascii	"longitudeStr\000"
 1162      69747564 
 1162      65537472 
 1162      00
 1163              	.LASF24:
 1164 00a5 776F726B 		.ascii	"working\000"
 1164      696E6700 
 1165              	.LASF38:
 1166 00ad 4750535F 		.ascii	"GPS_Init\000"
 1166      496E6974 
 1166      00
 1167              	.LASF32:
 1168 00b6 474E5520 		.ascii	"GNU C 4.9.3 20150303 (release) [ARM/embedded-4_9-br"
 1168      4320342E 
 1168      392E3320 
 1168      32303135 
 1168      30333033 
 1169 00e9 616E6368 		.ascii	"anch revision 221220] -mcpu=cortex-m3 -mthumb -g -O"
 1169      20726576 
 1169      6973696F 
 1169      6E203232 
 1169      31323230 
 1170 011c 67202D66 		.ascii	"g -ffunction-sections -ffat-lto-objects\000"
 1170      66756E63 
 1170      74696F6E 
 1170      2D736563 
 1170      74696F6E 
 1171              	.LASF10:
 1172 0144 756E7369 		.ascii	"unsigned int\000"
 1172      676E6564 
 1172      20696E74 
 1172      00
 1173              	.LASF9:
 1174 0151 6C6F6E67 		.ascii	"long long unsigned int\000"
 1174      206C6F6E 
 1174      6720756E 
 1174      7369676E 
ARM GAS  C:\Users\RYANKE~1\AppData\Local\Temp\cc4qW7Dn.s 			page 24


 1174      65642069 
 1175              	.LASF11:
 1176 0168 75696E74 		.ascii	"uint8_t\000"
 1176      385F7400 
 1177              	.LASF34:
 1178 0170 433A5C55 		.ascii	"C:\\Users\\Ryan Kelley\\Documents\\CMPEN480\\PSoC F"
 1178      73657273 
 1178      5C527961 
 1178      6E204B65 
 1178      6C6C6579 
 1179 019e 69726D65 		.ascii	"irmestware\\Platform Control Firmware.cydsn\000"
 1179      73747761 
 1179      72655C50 
 1179      6C617466 
 1179      6F726D20 
 1180              	.LASF36:
 1181 01c9 4750535F 		.ascii	"GPS_Parse\000"
 1181      50617273 
 1181      6500
 1182              	.LASF35:
 1183 01d3 4750535F 		.ascii	"GPS_Datagram\000"
 1183      44617461 
 1183      6772616D 
 1183      00
 1184              	.LASF12:
 1185 01e0 696E7433 		.ascii	"int32_t\000"
 1185      325F7400 
 1186              	.LASF18:
 1187 01e8 73697A65 		.ascii	"sizetype\000"
 1187      74797065 
 1187      00
 1188              	.LASF33:
 1189 01f1 6770732E 		.ascii	"gps.c\000"
 1189      6300
 1190              	.LASF8:
 1191 01f7 6C6F6E67 		.ascii	"long long int\000"
 1191      206C6F6E 
 1191      6720696E 
 1191      7400
 1192              	.LASF21:
 1193 0205 6C617469 		.ascii	"latitudePol\000"
 1193      74756465 
 1193      506F6C00 
 1194              	.LASF16:
 1195 0211 63686172 		.ascii	"char\000"
 1195      00
 1196              	.LASF23:
 1197 0216 6C6F6E67 		.ascii	"longitudePol\000"
 1197      69747564 
 1197      65506F6C 
 1197      00
 1198              	.LASF28:
 1199 0223 7374726E 		.ascii	"strncmp\000"
 1199      636D7000 
 1200              	.LASF25:
 1201 022b 4750535F 		.ascii	"GPS_GPRMC\000"
 1201      4750524D 
ARM GAS  C:\Users\RYANKE~1\AppData\Local\Temp\cc4qW7Dn.s 			page 25


 1201      4300
 1202              	.LASF30:
 1203 0235 6D656D63 		.ascii	"memcpy\000"
 1203      707900
 1204              	.LASF2:
 1205 023c 73686F72 		.ascii	"short int\000"
 1205      7420696E 
 1205      7400
 1206              	.LASF31:
 1207 0246 4750535F 		.ascii	"GPS_UART_PutString\000"
 1207      55415254 
 1207      5F507574 
 1207      53747269 
 1207      6E6700
 1208              	.LASF6:
 1209 0259 6C6F6E67 		.ascii	"long int\000"
 1209      20696E74 
 1209      00
 1210              	.LASF0:
 1211 0262 7369676E 		.ascii	"signed char\000"
 1211      65642063 
 1211      68617200 
 1212              	.LASF19:
 1213 026e 76616C69 		.ascii	"valid\000"
 1213      6400
 1214              		.ident	"GCC: (GNU Tools for ARM Embedded Processors) 4.9.3 20150303 (release) [ARM/embedded-4_9-br
